{"C:\\Users\\Muhammad Taha\\Desktop\\New folder (4)\\pak-wheels\\app\\api\\ads\\route.ts": {"path":"C:\\Users\\Muhammad Taha\\Desktop\\New folder (4)\\pak-wheels\\app\\api\\ads\\route.ts","statementMap":{"0":{"start":{"line":8,"column":0},"end":{"line":8,"column":7}},"1":{"start":{"line":29,"column":0},"end":{"line":29,"column":7}},"2":{"start":{"line":2,"column":0},"end":{"line":2,"column":39}},"3":{"start":{"line":4,"column":0},"end":{"line":4,"column":34}},"4":{"start":{"line":5,"column":0},"end":{"line":5,"column":56}},"5":{"start":{"line":9,"column":2},"end":{"line":26,"column":3}},"6":{"start":{"line":10,"column":4},"end":{"line":10,"column":22}},"7":{"start":{"line":12,"column":17},"end":{"line":12,"column":33}},"8":{"start":{"line":14,"column":103},"end":{"line":14,"column":107}},"9":{"start":{"line":17,"column":4},"end":{"line":19,"column":5}},"10":{"start":{"line":18,"column":6},"end":{"line":18,"column":89}},"11":{"start":{"line":21,"column":19},"end":{"line":21,"column":131}},"12":{"start":{"line":22,"column":4},"end":{"line":22,"column":104}},"13":{"start":{"line":24,"column":4},"end":{"line":24,"column":44}},"14":{"start":{"line":25,"column":4},"end":{"line":25,"column":94}},"15":{"start":{"line":30,"column":2},"end":{"line":39,"column":3}},"16":{"start":{"line":31,"column":4},"end":{"line":31,"column":22}},"17":{"start":{"line":32,"column":17},"end":{"line":32,"column":37}},"18":{"start":{"line":33,"column":4},"end":{"line":33,"column":39}},"19":{"start":{"line":35,"column":4},"end":{"line":36,"column":53}},"20":{"start":{"line":35,"column":32},"end":{"line":35,"column":61}},"21":{"start":{"line":36,"column":9},"end":{"line":36,"column":53}},"22":{"start":{"line":38,"column":4},"end":{"line":38,"column":81}}},"fnMap":{"0":{"name":"POST","decl":{"start":{"line":8,"column":22},"end":{"line":8,"column":26}},"loc":{"start":{"line":8,"column":43},"end":{"line":27,"column":1}}},"1":{"name":"GET","decl":{"start":{"line":29,"column":22},"end":{"line":29,"column":25}},"loc":{"start":{"line":29,"column":25},"end":{"line":40,"column":1}}}},"branchMap":{"0":{"loc":{"start":{"line":17,"column":4},"end":{"line":19,"column":5}},"type":"if","locations":[{"start":{"line":17,"column":4},"end":{"line":19,"column":5}}]},"1":{"loc":{"start":{"line":17,"column":8},"end":{"line":17,"column":149}},"type":"binary-expr","locations":[{"start":{"line":17,"column":8},"end":{"line":17,"column":13}},{"start":{"line":17,"column":17},"end":{"line":17,"column":24}},{"start":{"line":17,"column":28},"end":{"line":17,"column":50}},{"start":{"line":17,"column":54},"end":{"line":17,"column":73}},{"start":{"line":17,"column":77},"end":{"line":17,"column":83}},{"start":{"line":17,"column":87},"end":{"line":17,"column":95}},{"start":{"line":17,"column":99},"end":{"line":17,"column":109}},{"start":{"line":17,"column":113},"end":{"line":17,"column":118}},{"start":{"line":17,"column":122},"end":{"line":17,"column":133}},{"start":{"line":17,"column":137},"end":{"line":17,"column":149}}]},"2":{"loc":{"start":{"line":35,"column":4},"end":{"line":36,"column":53}},"type":"if","locations":[{"start":{"line":35,"column":4},"end":{"line":36,"column":53}},{"start":{"line":36,"column":9},"end":{"line":36,"column":53}}]}},"s":{"0":1,"1":1,"2":1,"3":1,"4":1,"5":2,"6":2,"7":2,"8":2,"9":2,"10":1,"11":1,"12":1,"13":0,"14":0,"15":1,"16":1,"17":1,"18":1,"19":0,"20":0,"21":0,"22":0},"f":{"0":2,"1":1},"b":{"0":[1],"1":[2,1,1,1,1,1,1,1,1,1],"2":[0,0]}}
,"C:\\Users\\Muhammad Taha\\Desktop\\New folder (4)\\pak-wheels\\app\\api\\brands\\route.ts": {"path":"C:\\Users\\Muhammad Taha\\Desktop\\New folder (4)\\pak-wheels\\app\\api\\brands\\route.ts","statementMap":{"0":{"start":{"line":10,"column":0},"end":{"line":10,"column":7}},"1":{"start":{"line":29,"column":0},"end":{"line":29,"column":7}},"2":{"start":{"line":3,"column":0},"end":{"line":3,"column":56}},"3":{"start":{"line":4,"column":0},"end":{"line":4,"column":39}},"4":{"start":{"line":5,"column":0},"end":{"line":5,"column":39}},"5":{"start":{"line":6,"column":0},"end":{"line":6,"column":35}},"6":{"start":{"line":7,"column":0},"end":{"line":7,"column":54}},"7":{"start":{"line":12,"column":2},"end":{"line":14,"column":3}},"8":{"start":{"line":13,"column":4},"end":{"line":13,"column":75}},"9":{"start":{"line":17,"column":24},"end":{"line":17,"column":50}},"10":{"start":{"line":18,"column":2},"end":{"line":18,"column":57}},"11":{"start":{"line":18,"column":36},"end":{"line":18,"column":57}},"12":{"start":{"line":21,"column":2},"end":{"line":21,"column":20}},"13":{"start":{"line":22,"column":17},"end":{"line":22,"column":77}},"14":{"start":{"line":25,"column":2},"end":{"line":25,"column":52}},"15":{"start":{"line":31,"column":2},"end":{"line":33,"column":3}},"16":{"start":{"line":32,"column":4},"end":{"line":32,"column":75}},"17":{"start":{"line":36,"column":24},"end":{"line":36,"column":50}},"18":{"start":{"line":37,"column":2},"end":{"line":37,"column":57}},"19":{"start":{"line":37,"column":36},"end":{"line":37,"column":57}},"20":{"start":{"line":40,"column":19},"end":{"line":40,"column":35}},"21":{"start":{"line":41,"column":2},"end":{"line":43,"column":3}},"22":{"start":{"line":42,"column":4},"end":{"line":42,"column":79}},"23":{"start":{"line":46,"column":2},"end":{"line":46,"column":20}},"24":{"start":{"line":47,"column":19},"end":{"line":47,"column":51}},"25":{"start":{"line":48,"column":2},"end":{"line":48,"column":53}},"26":{"start":{"line":51,"column":2},"end":{"line":51,"column":54}}},"fnMap":{"0":{"name":"GET","decl":{"start":{"line":10,"column":22},"end":{"line":10,"column":25}},"loc":{"start":{"line":10,"column":42},"end":{"line":26,"column":1}}},"1":{"name":"POST","decl":{"start":{"line":29,"column":22},"end":{"line":29,"column":26}},"loc":{"start":{"line":29,"column":43},"end":{"line":52,"column":1}}}},"branchMap":{"0":{"loc":{"start":{"line":12,"column":2},"end":{"line":14,"column":3}},"type":"if","locations":[{"start":{"line":12,"column":2},"end":{"line":14,"column":3}}]},"1":{"loc":{"start":{"line":18,"column":2},"end":{"line":18,"column":57}},"type":"if","locations":[{"start":{"line":18,"column":2},"end":{"line":18,"column":57}}]},"2":{"loc":{"start":{"line":31,"column":2},"end":{"line":33,"column":3}},"type":"if","locations":[{"start":{"line":31,"column":2},"end":{"line":33,"column":3}}]},"3":{"loc":{"start":{"line":37,"column":2},"end":{"line":37,"column":57}},"type":"if","locations":[{"start":{"line":37,"column":2},"end":{"line":37,"column":57}}]},"4":{"loc":{"start":{"line":41,"column":2},"end":{"line":43,"column":3}},"type":"if","locations":[{"start":{"line":41,"column":2},"end":{"line":43,"column":3}}]},"5":{"loc":{"start":{"line":41,"column":7},"end":{"line":41,"column":19}},"type":"cond-expr","locations":[{"start":{"line":41,"column":11},"end":{"line":41,"column":13}},{"start":{"line":41,"column":7},"end":{"line":41,"column":19}}]},"6":{"loc":{"start":{"line":41,"column":7},"end":{"line":41,"column":13}},"type":"binary-expr","locations":[{"start":{"line":41,"column":7},"end":{"line":41,"column":13}},{"start":{"line":41,"column":7},"end":{"line":41,"column":13}}]}},"s":{"0":1,"1":1,"2":1,"3":1,"4":1,"5":1,"6":1,"7":3,"8":0,"9":3,"10":3,"11":1,"12":2,"13":2,"14":2,"15":3,"16":0,"17":3,"18":3,"19":1,"20":2,"21":2,"22":1,"23":1,"24":1,"25":1,"26":1},"f":{"0":3,"1":3},"b":{"0":[0],"1":[1],"2":[0],"3":[1],"4":[1],"5":[1,1],"6":[2,2]}}
,"C:\\Users\\Muhammad Taha\\Desktop\\New folder (4)\\pak-wheels\\app\\api\\brands\\[id]\\route.ts": {"path":"C:\\Users\\Muhammad Taha\\Desktop\\New folder (4)\\pak-wheels\\app\\api\\brands\\[id]\\route.ts","statementMap":{"0":{"start":{"line":13,"column":0},"end":{"line":13,"column":7}},"1":{"start":{"line":42,"column":0},"end":{"line":42,"column":7}},"2":{"start":{"line":78,"column":0},"end":{"line":78,"column":7}},"3":{"start":{"line":3,"column":0},"end":{"line":3,"column":32}},"4":{"start":{"line":4,"column":0},"end":{"line":4,"column":56}},"5":{"start":{"line":5,"column":0},"end":{"line":5,"column":39}},"6":{"start":{"line":6,"column":0},"end":{"line":6,"column":39}},"7":{"start":{"line":7,"column":0},"end":{"line":7,"column":35}},"8":{"start":{"line":8,"column":0},"end":{"line":8,"column":68}},"9":{"start":{"line":15,"column":2},"end":{"line":17,"column":3}},"10":{"start":{"line":16,"column":4},"end":{"line":16,"column":75}},"11":{"start":{"line":20,"column":2},"end":{"line":22,"column":3}},"12":{"start":{"line":21,"column":4},"end":{"line":21,"column":80}},"13":{"start":{"line":25,"column":15},"end":{"line":25,"column":60}},"14":{"start":{"line":26,"column":2},"end":{"line":26,"column":39}},"15":{"start":{"line":26,"column":27},"end":{"line":26,"column":39}},"16":{"start":{"line":29,"column":2},"end":{"line":29,"column":20}},"17":{"start":{"line":30,"column":16},"end":{"line":31,"column":null}},"18":{"start":{"line":33,"column":2},"end":{"line":35,"column":3}},"19":{"start":{"line":34,"column":4},"end":{"line":34,"column":78}},"20":{"start":{"line":38,"column":2},"end":{"line":38,"column":51}},"21":{"start":{"line":44,"column":16},"end":{"line":44,"column":82}},"22":{"start":{"line":45,"column":2},"end":{"line":47,"column":3}},"23":{"start":{"line":46,"column":4},"end":{"line":46,"column":75}},"24":{"start":{"line":50,"column":15},"end":{"line":50,"column":60}},"25":{"start":{"line":51,"column":2},"end":{"line":51,"column":39}},"26":{"start":{"line":51,"column":27},"end":{"line":51,"column":39}},"27":{"start":{"line":54,"column":2},"end":{"line":54,"column":20}},"28":{"start":{"line":55,"column":18},"end":{"line":55,"column":58}},"29":{"start":{"line":56,"column":2},"end":{"line":58,"column":3}},"30":{"start":{"line":57,"column":4},"end":{"line":57,"column":78}},"31":{"start":{"line":61,"column":2},"end":{"line":61,"column":49}},"32":{"start":{"line":82,"column":2},"end":{"line":141,"column":3}},"33":{"start":{"line":84,"column":23},"end":{"line":84,"column":70}},"34":{"start":{"line":85,"column":24},"end":{"line":85,"column":53}},"35":{"start":{"line":86,"column":4},"end":{"line":91,"column":5}},"36":{"start":{"line":87,"column":6},"end":{"line":90,"column":8}},"37":{"start":{"line":94,"column":4},"end":{"line":99,"column":5}},"38":{"start":{"line":95,"column":6},"end":{"line":98,"column":8}},"39":{"start":{"line":102,"column":25},"end":{"line":102,"column":70}},"40":{"start":{"line":103,"column":4},"end":{"line":103,"column":57}},"41":{"start":{"line":103,"column":37},"end":{"line":103,"column":57}},"42":{"start":{"line":106,"column":18},"end":{"line":106,"column":34}},"43":{"start":{"line":107,"column":4},"end":{"line":112,"column":5}},"44":{"start":{"line":108,"column":6},"end":{"line":111,"column":8}},"45":{"start":{"line":115,"column":4},"end":{"line":115,"column":22}},"46":{"start":{"line":116,"column":25},"end":{"line":119,"column":null}},"47":{"start":{"line":123,"column":4},"end":{"line":128,"column":5}},"48":{"start":{"line":124,"column":6},"end":{"line":127,"column":8}},"49":{"start":{"line":131,"column":4},"end":{"line":134,"column":6}},"50":{"start":{"line":136,"column":4},"end":{"line":136,"column":66}},"51":{"start":{"line":137,"column":4},"end":{"line":140,"column":6}}},"fnMap":{"0":{"name":"GET","decl":{"start":{"line":13,"column":22},"end":{"line":13,"column":25}},"loc":{"start":{"line":13,"column":62},"end":{"line":39,"column":1}}},"1":{"name":"DELETE","decl":{"start":{"line":42,"column":22},"end":{"line":42,"column":28}},"loc":{"start":{"line":42,"column":65},"end":{"line":62,"column":1}}},"2":{"name":"PUT","decl":{"start":{"line":78,"column":22},"end":{"line":78,"column":25}},"loc":{"start":{"line":80,"column":24},"end":{"line":142,"column":1}}}},"branchMap":{"0":{"loc":{"start":{"line":15,"column":2},"end":{"line":17,"column":3}},"type":"if","locations":[{"start":{"line":15,"column":2},"end":{"line":17,"column":3}}]},"1":{"loc":{"start":{"line":20,"column":2},"end":{"line":22,"column":3}},"type":"if","locations":[{"start":{"line":20,"column":2},"end":{"line":22,"column":3}}]},"2":{"loc":{"start":{"line":26,"column":2},"end":{"line":26,"column":39}},"type":"if","locations":[{"start":{"line":26,"column":2},"end":{"line":26,"column":39}}]},"3":{"loc":{"start":{"line":33,"column":2},"end":{"line":35,"column":3}},"type":"if","locations":[{"start":{"line":33,"column":2},"end":{"line":35,"column":3}}]},"4":{"loc":{"start":{"line":44,"column":16},"end":{"line":44,"column":82}},"type":"binary-expr","locations":[{"start":{"line":44,"column":16},"end":{"line":44,"column":48}},{"start":{"line":44,"column":52},"end":{"line":44,"column":81}}]},"5":{"loc":{"start":{"line":44,"column":52},"end":{"line":44,"column":81}},"type":"cond-expr","locations":[{"start":{"line":44,"column":74},"end":{"line":44,"column":76}},{"start":{"line":44,"column":74},"end":{"line":44,"column":81}}]},"6":{"loc":{"start":{"line":44,"column":52},"end":{"line":44,"column":76}},"type":"binary-expr","locations":[{"start":{"line":44,"column":52},"end":{"line":44,"column":76}},{"start":{"line":44,"column":74},"end":{"line":44,"column":76}}]},"7":{"loc":{"start":{"line":45,"column":2},"end":{"line":47,"column":3}},"type":"if","locations":[{"start":{"line":45,"column":2},"end":{"line":47,"column":3}}]},"8":{"loc":{"start":{"line":51,"column":2},"end":{"line":51,"column":39}},"type":"if","locations":[{"start":{"line":51,"column":2},"end":{"line":51,"column":39}}]},"9":{"loc":{"start":{"line":56,"column":2},"end":{"line":58,"column":3}},"type":"if","locations":[{"start":{"line":56,"column":2},"end":{"line":58,"column":3}}]},"10":{"loc":{"start":{"line":84,"column":23},"end":{"line":84,"column":70}},"type":"cond-expr","locations":[{"start":{"line":84,"column":55},"end":{"line":84,"column":57}},{"start":{"line":84,"column":55},"end":{"line":84,"column":70}}]},"11":{"loc":{"start":{"line":84,"column":23},"end":{"line":84,"column":57}},"type":"binary-expr","locations":[{"start":{"line":84,"column":23},"end":{"line":84,"column":57}},{"start":{"line":84,"column":55},"end":{"line":84,"column":57}}]},"12":{"loc":{"start":{"line":85,"column":24},"end":{"line":85,"column":53}},"type":"cond-expr","locations":[{"start":{"line":85,"column":46},"end":{"line":85,"column":48}},{"start":{"line":85,"column":46},"end":{"line":85,"column":53}}]},"13":{"loc":{"start":{"line":85,"column":24},"end":{"line":85,"column":48}},"type":"binary-expr","locations":[{"start":{"line":85,"column":24},"end":{"line":85,"column":48}},{"start":{"line":85,"column":46},"end":{"line":85,"column":48}}]},"14":{"loc":{"start":{"line":86,"column":4},"end":{"line":91,"column":5}},"type":"if","locations":[{"start":{"line":86,"column":4},"end":{"line":91,"column":5}}]},"15":{"loc":{"start":{"line":86,"column":8},"end":{"line":86,"column":35}},"type":"binary-expr","locations":[{"start":{"line":86,"column":8},"end":{"line":86,"column":19}},{"start":{"line":86,"column":23},"end":{"line":86,"column":35}}]},"16":{"loc":{"start":{"line":94,"column":4},"end":{"line":99,"column":5}},"type":"if","locations":[{"start":{"line":94,"column":4},"end":{"line":99,"column":5}}]},"17":{"loc":{"start":{"line":103,"column":4},"end":{"line":103,"column":57}},"type":"if","locations":[{"start":{"line":103,"column":4},"end":{"line":103,"column":57}}]},"18":{"loc":{"start":{"line":107,"column":4},"end":{"line":112,"column":5}},"type":"if","locations":[{"start":{"line":107,"column":4},"end":{"line":112,"column":5}}]},"19":{"loc":{"start":{"line":107,"column":9},"end":{"line":107,"column":26}},"type":"cond-expr","locations":[{"start":{"line":107,"column":18},"end":{"line":107,"column":20}},{"start":{"line":107,"column":18},"end":{"line":107,"column":26}}]},"20":{"loc":{"start":{"line":107,"column":9},"end":{"line":107,"column":20}},"type":"binary-expr","locations":[{"start":{"line":107,"column":9},"end":{"line":107,"column":20}},{"start":{"line":107,"column":18},"end":{"line":107,"column":20}}]},"21":{"loc":{"start":{"line":123,"column":4},"end":{"line":128,"column":5}},"type":"if","locations":[{"start":{"line":123,"column":4},"end":{"line":128,"column":5}}]},"22":{"loc":{"start":{"line":136,"column":18},"end":{"line":136,"column":64}},"type":"cond-expr","locations":[{"start":{"line":136,"column":43},"end":{"line":136,"column":56}},{"start":{"line":136,"column":59},"end":{"line":136,"column":64}}]}},"s":{"0":1,"1":1,"2":1,"3":1,"4":1,"5":1,"6":1,"7":1,"8":1,"9":3,"10":0,"11":3,"12":3,"13":0,"14":0,"15":0,"16":0,"17":0,"18":0,"19":0,"20":0,"21":4,"22":4,"23":0,"24":4,"25":4,"26":1,"27":3,"28":3,"29":3,"30":2,"31":1,"32":3,"33":3,"34":0,"35":0,"36":0,"37":0,"38":0,"39":0,"40":0,"41":0,"42":0,"43":0,"44":0,"45":0,"46":0,"47":0,"48":0,"49":0,"50":3,"51":3},"f":{"0":3,"1":4,"2":3},"b":{"0":[0],"1":[3],"2":[0],"3":[0],"4":[4,1],"5":[0,1],"6":[1,1],"7":[0],"8":[1],"9":[2],"10":[0,0],"11":[3,0],"12":[0,0],"13":[0,0],"14":[0],"15":[0,0],"16":[0],"17":[0],"18":[0],"19":[0,0],"20":[0,0],"21":[0],"22":[3,0]}}
,"C:\\Users\\Muhammad Taha\\Desktop\\New folder (4)\\pak-wheels\\app\\api\\brands\\auth\\signup\\route.ts": {"path":"C:\\Users\\Muhammad Taha\\Desktop\\New folder (4)\\pak-wheels\\app\\api\\brands\\auth\\signup\\route.ts","statementMap":{"0":{"start":{"line":30,"column":0},"end":{"line":30,"column":7}},"1":{"start":{"line":2,"column":0},"end":{"line":2,"column":39}},"2":{"start":{"line":5,"column":0},"end":{"line":5,"column":35}},"3":{"start":{"line":8,"column":0},"end":{"line":8,"column":43}},"4":{"start":{"line":11,"column":0},"end":{"line":11,"column":30}},"5":{"start":{"line":31,"column":2},"end":{"line":77,"column":3}},"6":{"start":{"line":33,"column":45},"end":{"line":33,"column":65}},"7":{"start":{"line":36,"column":4},"end":{"line":38,"column":5}},"8":{"start":{"line":37,"column":6},"end":{"line":37,"column":104}},"9":{"start":{"line":41,"column":4},"end":{"line":41,"column":22}},"10":{"start":{"line":44,"column":26},"end":{"line":44,"column":77}},"11":{"start":{"line":46,"column":4},"end":{"line":48,"column":5}},"12":{"start":{"line":47,"column":6},"end":{"line":47,"column":80}},"13":{"start":{"line":51,"column":17},"end":{"line":51,"column":41}},"14":{"start":{"line":52,"column":27},"end":{"line":52,"column":60}},"15":{"start":{"line":55,"column":21},"end":{"line":60,"column":6}},"16":{"start":{"line":63,"column":37},"end":{"line":70,"column":6}},"17":{"start":{"line":73,"column":4},"end":{"line":73,"column":111}},"18":{"start":{"line":75,"column":4},"end":{"line":75,"column":102}},"19":{"start":{"line":76,"column":4},"end":{"line":76,"column":95}}},"fnMap":{"0":{"name":"POST","decl":{"start":{"line":30,"column":22},"end":{"line":30,"column":26}},"loc":{"start":{"line":30,"column":43},"end":{"line":78,"column":1}}}},"branchMap":{"0":{"loc":{"start":{"line":36,"column":4},"end":{"line":38,"column":5}},"type":"if","locations":[{"start":{"line":36,"column":4},"end":{"line":38,"column":5}}]},"1":{"loc":{"start":{"line":36,"column":8},"end":{"line":36,"column":79}},"type":"binary-expr","locations":[{"start":{"line":36,"column":8},"end":{"line":36,"column":25}},{"start":{"line":36,"column":25},"end":{"line":36,"column":43}},{"start":{"line":36,"column":43},"end":{"line":36,"column":60}},{"start":{"line":36,"column":60},"end":{"line":36,"column":79}}]},"2":{"loc":{"start":{"line":36,"column":9},"end":{"line":36,"column":21}},"type":"cond-expr","locations":[{"start":{"line":36,"column":13},"end":{"line":36,"column":15}},{"start":{"line":36,"column":9},"end":{"line":36,"column":21}}]},"3":{"loc":{"start":{"line":36,"column":9},"end":{"line":36,"column":15}},"type":"binary-expr","locations":[{"start":{"line":36,"column":9},"end":{"line":36,"column":15}},{"start":{"line":36,"column":9},"end":{"line":36,"column":15}}]},"4":{"loc":{"start":{"line":36,"column":26},"end":{"line":36,"column":39}},"type":"cond-expr","locations":[{"start":{"line":36,"column":31},"end":{"line":36,"column":33}},{"start":{"line":36,"column":26},"end":{"line":36,"column":39}}]},"5":{"loc":{"start":{"line":36,"column":26},"end":{"line":36,"column":33}},"type":"binary-expr","locations":[{"start":{"line":36,"column":26},"end":{"line":36,"column":33}},{"start":{"line":36,"column":26},"end":{"line":36,"column":33}}]},"6":{"loc":{"start":{"line":36,"column":44},"end":{"line":36,"column":56}},"type":"cond-expr","locations":[{"start":{"line":36,"column":48},"end":{"line":36,"column":50}},{"start":{"line":36,"column":44},"end":{"line":36,"column":56}}]},"7":{"loc":{"start":{"line":36,"column":44},"end":{"line":36,"column":50}},"type":"binary-expr","locations":[{"start":{"line":36,"column":44},"end":{"line":36,"column":50}},{"start":{"line":36,"column":44},"end":{"line":36,"column":50}}]},"8":{"loc":{"start":{"line":36,"column":61},"end":{"line":36,"column":77}},"type":"cond-expr","locations":[{"start":{"line":36,"column":69},"end":{"line":36,"column":71}},{"start":{"line":36,"column":61},"end":{"line":36,"column":77}}]},"9":{"loc":{"start":{"line":36,"column":61},"end":{"line":36,"column":71}},"type":"binary-expr","locations":[{"start":{"line":36,"column":61},"end":{"line":36,"column":71}},{"start":{"line":36,"column":61},"end":{"line":36,"column":71}}]},"10":{"loc":{"start":{"line":46,"column":4},"end":{"line":48,"column":5}},"type":"if","locations":[{"start":{"line":46,"column":4},"end":{"line":48,"column":5}}]},"11":{"loc":{"start":{"line":75,"column":44},"end":{"line":75,"column":100}},"type":"cond-expr","locations":[{"start":{"line":75,"column":69},"end":{"line":75,"column":82}},{"start":{"line":75,"column":85},"end":{"line":75,"column":100}}]}},"s":{"0":1,"1":1,"2":1,"3":1,"4":1,"5":4,"6":4,"7":4,"8":1,"9":3,"10":3,"11":2,"12":1,"13":1,"14":1,"15":1,"16":1,"17":1,"18":1,"19":1},"f":{"0":4},"b":{"0":[1],"1":[4,3,3,3],"2":[1,3],"3":[4,4],"4":[0,3],"5":[3,3],"6":[0,3],"7":[3,3],"8":[0,3],"9":[3,3],"10":[1],"11":[1,0]}}
,"C:\\Users\\Muhammad Taha\\Desktop\\New folder (4)\\pak-wheels\\app\\api\\cars\\route.ts": {"path":"C:\\Users\\Muhammad Taha\\Desktop\\New folder (4)\\pak-wheels\\app\\api\\cars\\route.ts","statementMap":{"0":{"start":{"line":24,"column":0},"end":{"line":24,"column":7}},"1":{"start":{"line":64,"column":0},"end":{"line":64,"column":7}},"2":{"start":{"line":2,"column":0},"end":{"line":2,"column":39}},"3":{"start":{"line":5,"column":0},"end":{"line":5,"column":31}},"4":{"start":{"line":6,"column":0},"end":{"line":6,"column":33}},"5":{"start":{"line":9,"column":0},"end":{"line":9,"column":43}},"6":{"start":{"line":25,"column":4},"end":{"line":61,"column":5}},"7":{"start":{"line":27,"column":109},"end":{"line":27,"column":129}},"8":{"start":{"line":30,"column":8},"end":{"line":32,"column":9}},"9":{"start":{"line":31,"column":12},"end":{"line":31,"column":106}},"10":{"start":{"line":35,"column":8},"end":{"line":35,"column":26}},"11":{"start":{"line":38,"column":22},"end":{"line":38,"column":50}},"12":{"start":{"line":39,"column":8},"end":{"line":41,"column":9}},"13":{"start":{"line":40,"column":12},"end":{"line":40,"column":87}},"14":{"start":{"line":44,"column":23},"end":{"line":54,"column":10}},"15":{"start":{"line":56,"column":8},"end":{"line":56,"column":103}},"16":{"start":{"line":59,"column":8},"end":{"line":59,"column":103}},"17":{"start":{"line":60,"column":8},"end":{"line":60,"column":107}},"18":{"start":{"line":65,"column":4},"end":{"line":75,"column":5}},"19":{"start":{"line":66,"column":8},"end":{"line":66,"column":26}},"20":{"start":{"line":67,"column":21},"end":{"line":67,"column":37}},"21":{"start":{"line":68,"column":8},"end":{"line":68,"column":43}},"22":{"start":{"line":71,"column":8},"end":{"line":72,"column":57}},"23":{"start":{"line":71,"column":36},"end":{"line":71,"column":65}},"24":{"start":{"line":72,"column":13},"end":{"line":72,"column":57}},"25":{"start":{"line":74,"column":8},"end":{"line":74,"column":85}}},"fnMap":{"0":{"name":"POST","decl":{"start":{"line":24,"column":22},"end":{"line":24,"column":26}},"loc":{"start":{"line":24,"column":43},"end":{"line":62,"column":1}}},"1":{"name":"GET","decl":{"start":{"line":64,"column":22},"end":{"line":64,"column":25}},"loc":{"start":{"line":64,"column":25},"end":{"line":76,"column":1}}}},"branchMap":{"0":{"loc":{"start":{"line":30,"column":8},"end":{"line":32,"column":9}},"type":"if","locations":[{"start":{"line":30,"column":8},"end":{"line":32,"column":9}}]},"1":{"loc":{"start":{"line":30,"column":12},"end":{"line":30,"column":78}},"type":"binary-expr","locations":[{"start":{"line":30,"column":12},"end":{"line":30,"column":20}},{"start":{"line":30,"column":24},"end":{"line":30,"column":37}},{"start":{"line":30,"column":41},"end":{"line":30,"column":57}},{"start":{"line":30,"column":61},"end":{"line":30,"column":78}}]},"2":{"loc":{"start":{"line":30,"column":62},"end":{"line":30,"column":76}},"type":"cond-expr","locations":[{"start":{"line":30,"column":68},"end":{"line":30,"column":70}},{"start":{"line":30,"column":62},"end":{"line":30,"column":76}}]},"3":{"loc":{"start":{"line":30,"column":62},"end":{"line":30,"column":70}},"type":"binary-expr","locations":[{"start":{"line":30,"column":62},"end":{"line":30,"column":70}},{"start":{"line":30,"column":62},"end":{"line":30,"column":70}}]},"4":{"loc":{"start":{"line":39,"column":8},"end":{"line":41,"column":9}},"type":"if","locations":[{"start":{"line":39,"column":8},"end":{"line":41,"column":9}}]},"5":{"loc":{"start":{"line":47,"column":25},"end":{"line":47,"column":50}},"type":"binary-expr","locations":[{"start":{"line":47,"column":25},"end":{"line":47,"column":44}},{"start":{"line":47,"column":48},"end":{"line":47,"column":50}}]},"6":{"loc":{"start":{"line":47,"column":25},"end":{"line":47,"column":44}},"type":"cond-expr","locations":[{"start":{"line":47,"column":36},"end":{"line":47,"column":38}},{"start":{"line":47,"column":25},"end":{"line":47,"column":44}}]},"7":{"loc":{"start":{"line":47,"column":25},"end":{"line":47,"column":38}},"type":"binary-expr","locations":[{"start":{"line":47,"column":25},"end":{"line":47,"column":38}},{"start":{"line":47,"column":25},"end":{"line":47,"column":38}}]},"8":{"loc":{"start":{"line":49,"column":19},"end":{"line":49,"column":37}},"type":"binary-expr","locations":[{"start":{"line":49,"column":19},"end":{"line":49,"column":24}},{"start":{"line":49,"column":28},"end":{"line":49,"column":37}}]},"9":{"loc":{"start":{"line":50,"column":25},"end":{"line":50,"column":49}},"type":"binary-expr","locations":[{"start":{"line":50,"column":25},"end":{"line":50,"column":36}},{"start":{"line":50,"column":40},"end":{"line":50,"column":49}}]},"10":{"loc":{"start":{"line":59,"column":45},"end":{"line":59,"column":101}},"type":"cond-expr","locations":[{"start":{"line":59,"column":70},"end":{"line":59,"column":83}},{"start":{"line":59,"column":86},"end":{"line":59,"column":101}}]},"11":{"loc":{"start":{"line":71,"column":8},"end":{"line":72,"column":57}},"type":"if","locations":[{"start":{"line":71,"column":8},"end":{"line":72,"column":57}},{"start":{"line":72,"column":13},"end":{"line":72,"column":57}}]}},"s":{"0":1,"1":1,"2":1,"3":1,"4":1,"5":1,"6":6,"7":6,"8":6,"9":1,"10":5,"11":5,"12":5,"13":0,"14":5,"15":5,"16":0,"17":0,"18":1,"19":1,"20":1,"21":1,"22":0,"23":0,"24":0,"25":0},"f":{"0":6,"1":1},"b":{"0":[1],"1":[6,6,5,5],"2":[0,5],"3":[5,5],"4":[0],"5":[5,5],"6":[5,0],"7":[5,5],"8":[5,5],"9":[5,5],"10":[0,0],"11":[0,0]}}
,"C:\\Users\\Muhammad Taha\\Desktop\\New folder (4)\\pak-wheels\\app\\api\\cars\\[id]\\route.ts": {"path":"C:\\Users\\Muhammad Taha\\Desktop\\New folder (4)\\pak-wheels\\app\\api\\cars\\[id]\\route.ts","statementMap":{"0":{"start":{"line":24,"column":0},"end":{"line":24,"column":7}},"1":{"start":{"line":42,"column":0},"end":{"line":42,"column":7}},"2":{"start":{"line":98,"column":0},"end":{"line":98,"column":7}},"3":{"start":{"line":2,"column":0},"end":{"line":2,"column":39}},"4":{"start":{"line":5,"column":0},"end":{"line":5,"column":31}},"5":{"start":{"line":6,"column":0},"end":{"line":6,"column":33}},"6":{"start":{"line":9,"column":0},"end":{"line":9,"column":43}},"7":{"start":{"line":25,"column":4},"end":{"line":39,"column":5}},"8":{"start":{"line":26,"column":8},"end":{"line":26,"column":26}},"9":{"start":{"line":27,"column":20},"end":{"line":27,"column":49}},"10":{"start":{"line":29,"column":8},"end":{"line":31,"column":9}},"11":{"start":{"line":30,"column":12},"end":{"line":30,"column":85}},"12":{"start":{"line":32,"column":8},"end":{"line":32,"column":55}},"13":{"start":{"line":35,"column":8},"end":{"line":36,"column":57}},"14":{"start":{"line":35,"column":36},"end":{"line":35,"column":65}},"15":{"start":{"line":36,"column":13},"end":{"line":36,"column":57}},"16":{"start":{"line":38,"column":8},"end":{"line":38,"column":85}},"17":{"start":{"line":43,"column":4},"end":{"line":95,"column":5}},"18":{"start":{"line":44,"column":8},"end":{"line":44,"column":26}},"19":{"start":{"line":47,"column":109},"end":{"line":47,"column":129}},"20":{"start":{"line":50,"column":8},"end":{"line":52,"column":9}},"21":{"start":{"line":51,"column":12},"end":{"line":51,"column":93}},"22":{"start":{"line":53,"column":8},"end":{"line":55,"column":9}},"23":{"start":{"line":54,"column":12},"end":{"line":54,"column":96}},"24":{"start":{"line":56,"column":8},"end":{"line":58,"column":9}},"25":{"start":{"line":57,"column":12},"end":{"line":57,"column":95}},"26":{"start":{"line":61,"column":28},"end":{"line":61,"column":57}},"27":{"start":{"line":62,"column":8},"end":{"line":64,"column":9}},"28":{"start":{"line":63,"column":12},"end":{"line":63,"column":85}},"29":{"start":{"line":67,"column":8},"end":{"line":72,"column":9}},"30":{"start":{"line":68,"column":32},"end":{"line":68,"column":60}},"31":{"start":{"line":69,"column":12},"end":{"line":71,"column":13}},"32":{"start":{"line":70,"column":12},"end":{"line":70,"column":87}},"33":{"start":{"line":75,"column":27},"end":{"line":88,"column":null}},"34":{"start":{"line":91,"column":8},"end":{"line":91,"column":108}},"35":{"start":{"line":93,"column":8},"end":{"line":93,"column":103}},"36":{"start":{"line":94,"column":8},"end":{"line":94,"column":108}},"37":{"start":{"line":99,"column":4},"end":{"line":113,"column":5}},"38":{"start":{"line":100,"column":8},"end":{"line":100,"column":26}},"39":{"start":{"line":101,"column":27},"end":{"line":101,"column":65}},"40":{"start":{"line":103,"column":8},"end":{"line":105,"column":9}},"41":{"start":{"line":104,"column":12},"end":{"line":104,"column":85}},"42":{"start":{"line":106,"column":8},"end":{"line":106,"column":91}},"43":{"start":{"line":109,"column":8},"end":{"line":110,"column":57}},"44":{"start":{"line":109,"column":36},"end":{"line":109,"column":65}},"45":{"start":{"line":110,"column":13},"end":{"line":110,"column":57}},"46":{"start":{"line":112,"column":8},"end":{"line":112,"column":85}}},"fnMap":{"0":{"name":"GET","decl":{"start":{"line":24,"column":22},"end":{"line":24,"column":25}},"loc":{"start":{"line":24,"column":78},"end":{"line":40,"column":1}}},"1":{"name":"PUT","decl":{"start":{"line":42,"column":22},"end":{"line":42,"column":25}},"loc":{"start":{"line":42,"column":82},"end":{"line":96,"column":1}}},"2":{"name":"DELETE","decl":{"start":{"line":98,"column":22},"end":{"line":98,"column":28}},"loc":{"start":{"line":98,"column":81},"end":{"line":114,"column":1}}}},"branchMap":{"0":{"loc":{"start":{"line":29,"column":8},"end":{"line":31,"column":9}},"type":"if","locations":[{"start":{"line":29,"column":8},"end":{"line":31,"column":9}}]},"1":{"loc":{"start":{"line":35,"column":8},"end":{"line":36,"column":57}},"type":"if","locations":[{"start":{"line":35,"column":8},"end":{"line":36,"column":57}},{"start":{"line":36,"column":13},"end":{"line":36,"column":57}}]},"2":{"loc":{"start":{"line":50,"column":8},"end":{"line":52,"column":9}},"type":"if","locations":[{"start":{"line":50,"column":8},"end":{"line":52,"column":9}}]},"3":{"loc":{"start":{"line":50,"column":12},"end":{"line":50,"column":48}},"type":"binary-expr","locations":[{"start":{"line":50,"column":12},"end":{"line":50,"column":31}},{"start":{"line":50,"column":35},"end":{"line":50,"column":48}}]},"4":{"loc":{"start":{"line":53,"column":8},"end":{"line":55,"column":9}},"type":"if","locations":[{"start":{"line":53,"column":8},"end":{"line":55,"column":9}}]},"5":{"loc":{"start":{"line":53,"column":12},"end":{"line":53,"column":54}},"type":"binary-expr","locations":[{"start":{"line":53,"column":12},"end":{"line":53,"column":34}},{"start":{"line":53,"column":38},"end":{"line":53,"column":54}}]},"6":{"loc":{"start":{"line":56,"column":8},"end":{"line":58,"column":9}},"type":"if","locations":[{"start":{"line":56,"column":8},"end":{"line":58,"column":9}}]},"7":{"loc":{"start":{"line":56,"column":12},"end":{"line":56,"column":58}},"type":"binary-expr","locations":[{"start":{"line":56,"column":12},"end":{"line":56,"column":32}},{"start":{"line":56,"column":36},"end":{"line":56,"column":58}}]},"8":{"loc":{"start":{"line":62,"column":8},"end":{"line":64,"column":9}},"type":"if","locations":[{"start":{"line":62,"column":8},"end":{"line":64,"column":9}}]},"9":{"loc":{"start":{"line":67,"column":8},"end":{"line":72,"column":9}},"type":"if","locations":[{"start":{"line":67,"column":8},"end":{"line":72,"column":9}}]},"10":{"loc":{"start":{"line":69,"column":12},"end":{"line":71,"column":13}},"type":"if","locations":[{"start":{"line":69,"column":12},"end":{"line":71,"column":13}}]},"11":{"loc":{"start":{"line":79,"column":23},"end":{"line":79,"column":57}},"type":"cond-expr","locations":[{"start":{"line":79,"column":36},"end":{"line":79,"column":40}},{"start":{"line":79,"column":40},"end":{"line":79,"column":57}}]},"12":{"loc":{"start":{"line":79,"column":23},"end":{"line":79,"column":40}},"type":"binary-expr","locations":[{"start":{"line":79,"column":23},"end":{"line":79,"column":40}},{"start":{"line":79,"column":36},"end":{"line":79,"column":40}}]},"13":{"loc":{"start":{"line":79,"column":23},"end":{"line":79,"column":36}},"type":"cond-expr","locations":[{"start":{"line":79,"column":28},"end":{"line":79,"column":30}},{"start":{"line":79,"column":23},"end":{"line":79,"column":36}}]},"14":{"loc":{"start":{"line":79,"column":23},"end":{"line":79,"column":30}},"type":"binary-expr","locations":[{"start":{"line":79,"column":23},"end":{"line":79,"column":30}},{"start":{"line":79,"column":23},"end":{"line":79,"column":30}}]},"15":{"loc":{"start":{"line":80,"column":29},"end":{"line":80,"column":75}},"type":"cond-expr","locations":[{"start":{"line":80,"column":48},"end":{"line":80,"column":52}},{"start":{"line":80,"column":52},"end":{"line":80,"column":75}}]},"16":{"loc":{"start":{"line":80,"column":29},"end":{"line":80,"column":52}},"type":"binary-expr","locations":[{"start":{"line":80,"column":29},"end":{"line":80,"column":52}},{"start":{"line":80,"column":48},"end":{"line":80,"column":52}}]},"17":{"loc":{"start":{"line":80,"column":29},"end":{"line":80,"column":48}},"type":"cond-expr","locations":[{"start":{"line":80,"column":40},"end":{"line":80,"column":42}},{"start":{"line":80,"column":29},"end":{"line":80,"column":48}}]},"18":{"loc":{"start":{"line":80,"column":29},"end":{"line":80,"column":42}},"type":"binary-expr","locations":[{"start":{"line":80,"column":29},"end":{"line":80,"column":42}},{"start":{"line":80,"column":29},"end":{"line":80,"column":42}}]},"19":{"loc":{"start":{"line":81,"column":26},"end":{"line":81,"column":66}},"type":"cond-expr","locations":[{"start":{"line":81,"column":42},"end":{"line":81,"column":46}},{"start":{"line":81,"column":46},"end":{"line":81,"column":66}}]},"20":{"loc":{"start":{"line":81,"column":26},"end":{"line":81,"column":46}},"type":"binary-expr","locations":[{"start":{"line":81,"column":26},"end":{"line":81,"column":46}},{"start":{"line":81,"column":42},"end":{"line":81,"column":46}}]},"21":{"loc":{"start":{"line":81,"column":26},"end":{"line":81,"column":42}},"type":"cond-expr","locations":[{"start":{"line":81,"column":34},"end":{"line":81,"column":36}},{"start":{"line":81,"column":26},"end":{"line":81,"column":42}}]},"22":{"loc":{"start":{"line":81,"column":26},"end":{"line":81,"column":36}},"type":"binary-expr","locations":[{"start":{"line":81,"column":26},"end":{"line":81,"column":36}},{"start":{"line":81,"column":26},"end":{"line":81,"column":36}}]},"23":{"loc":{"start":{"line":82,"column":23},"end":{"line":82,"column":49}},"type":"cond-expr","locations":[{"start":{"line":82,"column":23},"end":{"line":82,"column":28}},{"start":{"line":82,"column":32},"end":{"line":82,"column":49}}]},"24":{"loc":{"start":{"line":82,"column":23},"end":{"line":82,"column":32}},"type":"binary-expr","locations":[{"start":{"line":82,"column":23},"end":{"line":82,"column":32}},{"start":{"line":82,"column":23},"end":{"line":82,"column":32}}]},"25":{"loc":{"start":{"line":83,"column":29},"end":{"line":83,"column":67}},"type":"cond-expr","locations":[{"start":{"line":83,"column":29},"end":{"line":83,"column":40}},{"start":{"line":83,"column":44},"end":{"line":83,"column":67}}]},"26":{"loc":{"start":{"line":83,"column":29},"end":{"line":83,"column":44}},"type":"binary-expr","locations":[{"start":{"line":83,"column":29},"end":{"line":83,"column":44}},{"start":{"line":83,"column":29},"end":{"line":83,"column":44}}]},"27":{"loc":{"start":{"line":84,"column":24},"end":{"line":84,"column":52}},"type":"cond-expr","locations":[{"start":{"line":84,"column":24},"end":{"line":84,"column":30}},{"start":{"line":84,"column":34},"end":{"line":84,"column":52}}]},"28":{"loc":{"start":{"line":84,"column":24},"end":{"line":84,"column":34}},"type":"binary-expr","locations":[{"start":{"line":84,"column":24},"end":{"line":84,"column":34}},{"start":{"line":84,"column":24},"end":{"line":84,"column":34}}]},"29":{"loc":{"start":{"line":85,"column":27},"end":{"line":85,"column":61}},"type":"cond-expr","locations":[{"start":{"line":85,"column":27},"end":{"line":85,"column":36}},{"start":{"line":85,"column":40},"end":{"line":85,"column":61}}]},"30":{"loc":{"start":{"line":85,"column":27},"end":{"line":85,"column":40}},"type":"binary-expr","locations":[{"start":{"line":85,"column":27},"end":{"line":85,"column":40}},{"start":{"line":85,"column":27},"end":{"line":85,"column":40}}]},"31":{"loc":{"start":{"line":86,"column":27},"end":{"line":86,"column":61}},"type":"cond-expr","locations":[{"start":{"line":86,"column":27},"end":{"line":86,"column":36}},{"start":{"line":86,"column":40},"end":{"line":86,"column":61}}]},"32":{"loc":{"start":{"line":86,"column":27},"end":{"line":86,"column":40}},"type":"binary-expr","locations":[{"start":{"line":86,"column":27},"end":{"line":86,"column":40}},{"start":{"line":86,"column":27},"end":{"line":86,"column":40}}]},"33":{"loc":{"start":{"line":93,"column":45},"end":{"line":93,"column":101}},"type":"cond-expr","locations":[{"start":{"line":93,"column":70},"end":{"line":93,"column":83}},{"start":{"line":93,"column":86},"end":{"line":93,"column":101}}]},"34":{"loc":{"start":{"line":103,"column":8},"end":{"line":105,"column":9}},"type":"if","locations":[{"start":{"line":103,"column":8},"end":{"line":105,"column":9}}]},"35":{"loc":{"start":{"line":109,"column":8},"end":{"line":110,"column":57}},"type":"if","locations":[{"start":{"line":109,"column":8},"end":{"line":110,"column":57}},{"start":{"line":110,"column":13},"end":{"line":110,"column":57}}]}},"s":{"0":1,"1":1,"2":1,"3":1,"4":1,"5":1,"6":1,"7":2,"8":2,"9":2,"10":2,"11":1,"12":1,"13":0,"14":0,"15":0,"16":0,"17":2,"18":2,"19":2,"20":2,"21":1,"22":1,"23":0,"24":1,"25":0,"26":1,"27":1,"28":0,"29":1,"30":0,"31":0,"32":0,"33":1,"34":1,"35":0,"36":0,"37":2,"38":2,"39":2,"40":2,"41":1,"42":1,"43":0,"44":0,"45":0,"46":0},"f":{"0":2,"1":2,"2":2},"b":{"0":[1],"1":[0,0],"2":[1],"3":[2,2],"4":[0],"5":[1,0],"6":[0],"7":[1,0],"8":[0],"9":[0],"10":[0],"11":[1,0],"12":[1,1],"13":[0,1],"14":[1,1],"15":[0,1],"16":[1,1],"17":[1,0],"18":[1,1],"19":[0,1],"20":[1,1],"21":[1,0],"22":[1,1],"23":[0,1],"24":[1,1],"25":[0,1],"26":[1,1],"27":[0,1],"28":[1,1],"29":[0,1],"30":[1,1],"31":[0,1],"32":[1,1],"33":[0,0],"34":[1],"35":[0,0]}}
,"C:\\Users\\Muhammad Taha\\Desktop\\New folder (4)\\pak-wheels\\app\\api\\rentals\\route.ts": {"path":"C:\\Users\\Muhammad Taha\\Desktop\\New folder (4)\\pak-wheels\\app\\api\\rentals\\route.ts","statementMap":{"0":{"start":{"line":8,"column":0},"end":{"line":8,"column":7}},"1":{"start":{"line":71,"column":0},"end":{"line":71,"column":7}},"2":{"start":{"line":1,"column":0},"end":{"line":1,"column":43}},"3":{"start":{"line":2,"column":0},"end":{"line":2,"column":39}},"4":{"start":{"line":3,"column":0},"end":{"line":3,"column":51}},"5":{"start":{"line":4,"column":0},"end":{"line":4,"column":31}},"6":{"start":{"line":5,"column":0},"end":{"line":5,"column":33}},"7":{"start":{"line":9,"column":4},"end":{"line":67,"column":5}},"8":{"start":{"line":10,"column":8},"end":{"line":10,"column":26}},"9":{"start":{"line":12,"column":68},"end":{"line":12,"column":88}},"10":{"start":{"line":14,"column":8},"end":{"line":16,"column":9}},"11":{"start":{"line":15,"column":12},"end":{"line":15,"column":94}},"12":{"start":{"line":19,"column":22},"end":{"line":19,"column":41}},"13":{"start":{"line":20,"column":20},"end":{"line":20,"column":37}},"14":{"start":{"line":21,"column":8},"end":{"line":23,"column":9}},"15":{"start":{"line":22,"column":12},"end":{"line":22,"column":89}},"16":{"start":{"line":26,"column":20},"end":{"line":26,"column":70}},"17":{"start":{"line":27,"column":8},"end":{"line":29,"column":9}},"18":{"start":{"line":28,"column":12},"end":{"line":28,"column":97}},"19":{"start":{"line":32,"column":34},"end":{"line":40,"column":10}},"20":{"start":{"line":42,"column":8},"end":{"line":44,"column":9}},"21":{"start":{"line":43,"column":12},"end":{"line":43,"column":118}},"22":{"start":{"line":47,"column":23},"end":{"line":47,"column":52}},"23":{"start":{"line":48,"column":8},"end":{"line":50,"column":9}},"24":{"start":{"line":49,"column":12},"end":{"line":49,"column":87}},"25":{"start":{"line":53,"column":30},"end":{"line":61,"column":10}},"26":{"start":{"line":63,"column":8},"end":{"line":63,"column":104}},"27":{"start":{"line":65,"column":8},"end":{"line":65,"column":29}},"28":{"start":{"line":66,"column":8},"end":{"line":66,"column":96}},"29":{"start":{"line":72,"column":4},"end":{"line":80,"column":5}},"30":{"start":{"line":73,"column":8},"end":{"line":73,"column":26}},"31":{"start":{"line":74,"column":20},"end":{"line":74,"column":55}},"32":{"start":{"line":75,"column":8},"end":{"line":75,"column":59}},"33":{"start":{"line":78,"column":8},"end":{"line":78,"column":29}},"34":{"start":{"line":79,"column":8},"end":{"line":79,"column":97}}},"fnMap":{"0":{"name":"POST","decl":{"start":{"line":8,"column":22},"end":{"line":8,"column":26}},"loc":{"start":{"line":8,"column":43},"end":{"line":68,"column":1}}},"1":{"name":"GET","decl":{"start":{"line":71,"column":22},"end":{"line":71,"column":25}},"loc":{"start":{"line":71,"column":25},"end":{"line":81,"column":1}}}},"branchMap":{"0":{"loc":{"start":{"line":14,"column":8},"end":{"line":16,"column":9}},"type":"if","locations":[{"start":{"line":14,"column":8},"end":{"line":16,"column":9}}]},"1":{"loc":{"start":{"line":14,"column":12},"end":{"line":14,"column":72}},"type":"binary-expr","locations":[{"start":{"line":14,"column":12},"end":{"line":14,"column":21}},{"start":{"line":14,"column":25},"end":{"line":14,"column":31}},{"start":{"line":14,"column":35},"end":{"line":14,"column":45}},{"start":{"line":14,"column":49},"end":{"line":14,"column":57}},{"start":{"line":14,"column":61},"end":{"line":14,"column":72}}]},"2":{"loc":{"start":{"line":21,"column":8},"end":{"line":23,"column":9}},"type":"if","locations":[{"start":{"line":21,"column":8},"end":{"line":23,"column":9}}]},"3":{"loc":{"start":{"line":21,"column":12},"end":{"line":21,"column":74}},"type":"binary-expr","locations":[{"start":{"line":21,"column":12},"end":{"line":21,"column":34}},{"start":{"line":21,"column":38},"end":{"line":21,"column":58}},{"start":{"line":21,"column":62},"end":{"line":21,"column":74}}]},"4":{"loc":{"start":{"line":27,"column":8},"end":{"line":29,"column":9}},"type":"if","locations":[{"start":{"line":27,"column":8},"end":{"line":29,"column":9}}]},"5":{"loc":{"start":{"line":42,"column":8},"end":{"line":44,"column":9}},"type":"if","locations":[{"start":{"line":42,"column":8},"end":{"line":44,"column":9}}]},"6":{"loc":{"start":{"line":48,"column":8},"end":{"line":50,"column":9}},"type":"if","locations":[{"start":{"line":48,"column":8},"end":{"line":50,"column":9}}]}},"s":{"0":1,"1":1,"2":1,"3":1,"4":1,"5":1,"6":1,"7":6,"8":6,"9":6,"10":6,"11":1,"12":5,"13":5,"14":5,"15":1,"16":4,"17":4,"18":1,"19":3,"20":3,"21":1,"22":2,"23":2,"24":1,"25":1,"26":1,"27":0,"28":0,"29":2,"30":2,"31":2,"32":2,"33":0,"34":0},"f":{"0":6,"1":2},"b":{"0":[1],"1":[6,5,5,5,5],"2":[1],"3":[5,5,5],"4":[1],"5":[1],"6":[1]}}
,"C:\\Users\\Muhammad Taha\\Desktop\\New folder (4)\\pak-wheels\\app\\api\\rentals\\[id]\\route.ts": {"path":"C:\\Users\\Muhammad Taha\\Desktop\\New folder (4)\\pak-wheels\\app\\api\\rentals\\[id]\\route.ts","statementMap":{"0":{"start":{"line":8,"column":0},"end":{"line":8,"column":7}},"1":{"start":{"line":26,"column":0},"end":{"line":26,"column":7}},"2":{"start":{"line":57,"column":0},"end":{"line":57,"column":7}},"3":{"start":{"line":1,"column":0},"end":{"line":1,"column":43}},"4":{"start":{"line":2,"column":0},"end":{"line":2,"column":39}},"5":{"start":{"line":3,"column":0},"end":{"line":3,"column":51}},"6":{"start":{"line":9,"column":4},"end":{"line":20,"column":5}},"7":{"start":{"line":10,"column":8},"end":{"line":10,"column":26}},"8":{"start":{"line":11,"column":24},"end":{"line":14,"column":30}},"9":{"start":{"line":15,"column":8},"end":{"line":15,"column":63}},"10":{"start":{"line":18,"column":8},"end":{"line":18,"column":29}},"11":{"start":{"line":19,"column":8},"end":{"line":19,"column":97}},"12":{"start":{"line":27,"column":4},"end":{"line":50,"column":5}},"13":{"start":{"line":28,"column":8},"end":{"line":28,"column":26}},"14":{"start":{"line":31,"column":27},"end":{"line":31,"column":47}},"15":{"start":{"line":32,"column":8},"end":{"line":34,"column":9}},"16":{"start":{"line":33,"column":12},"end":{"line":33,"column":85}},"17":{"start":{"line":37,"column":30},"end":{"line":40,"column":null}},"18":{"start":{"line":43,"column":8},"end":{"line":43,"column":111}},"19":{"start":{"line":43,"column":28},"end":{"line":43,"column":111}},"20":{"start":{"line":45,"column":8},"end":{"line":45,"column":103}},"21":{"start":{"line":48,"column":8},"end":{"line":48,"column":29}},"22":{"start":{"line":49,"column":8},"end":{"line":49,"column":96}},"23":{"start":{"line":58,"column":4},"end":{"line":68,"column":5}},"24":{"start":{"line":59,"column":8},"end":{"line":59,"column":26}},"25":{"start":{"line":60,"column":30},"end":{"line":60,"column":78}},"26":{"start":{"line":62,"column":8},"end":{"line":62,"column":111}},"27":{"start":{"line":62,"column":28},"end":{"line":62,"column":111}},"28":{"start":{"line":64,"column":8},"end":{"line":64,"column":89}},"29":{"start":{"line":66,"column":8},"end":{"line":66,"column":29}},"30":{"start":{"line":67,"column":8},"end":{"line":67,"column":96}}},"fnMap":{"0":{"name":"GET","decl":{"start":{"line":8,"column":22},"end":{"line":8,"column":25}},"loc":{"start":{"line":8,"column":78},"end":{"line":21,"column":1}}},"1":{"name":"PUT","decl":{"start":{"line":26,"column":22},"end":{"line":26,"column":25}},"loc":{"start":{"line":26,"column":82},"end":{"line":51,"column":1}}},"2":{"name":"DELETE","decl":{"start":{"line":57,"column":22},"end":{"line":57,"column":28}},"loc":{"start":{"line":57,"column":85},"end":{"line":69,"column":1}}}},"branchMap":{"0":{"loc":{"start":{"line":32,"column":8},"end":{"line":34,"column":9}},"type":"if","locations":[{"start":{"line":32,"column":8},"end":{"line":34,"column":9}}]},"1":{"loc":{"start":{"line":43,"column":8},"end":{"line":43,"column":111}},"type":"if","locations":[{"start":{"line":43,"column":8},"end":{"line":43,"column":111}}]},"2":{"loc":{"start":{"line":62,"column":8},"end":{"line":62,"column":111}},"type":"if","locations":[{"start":{"line":62,"column":8},"end":{"line":62,"column":111}}]}},"s":{"0":1,"1":1,"2":1,"3":1,"4":1,"5":1,"6":1,"7":1,"8":1,"9":1,"10":0,"11":0,"12":3,"13":3,"14":3,"15":3,"16":1,"17":2,"18":2,"19":1,"20":1,"21":0,"22":0,"23":1,"24":1,"25":1,"26":1,"27":0,"28":1,"29":0,"30":0},"f":{"0":1,"1":3,"2":1},"b":{"0":[1],"1":[1],"2":[0]}}
,"C:\\Users\\Muhammad Taha\\Desktop\\New folder (4)\\pak-wheels\\app\\api\\review\\route.ts": {"path":"C:\\Users\\Muhammad Taha\\Desktop\\New folder (4)\\pak-wheels\\app\\api\\review\\route.ts","statementMap":{"0":{"start":{"line":7,"column":0},"end":{"line":7,"column":7}},"1":{"start":{"line":1,"column":0},"end":{"line":1,"column":43}},"2":{"start":{"line":2,"column":0},"end":{"line":2,"column":39}},"3":{"start":{"line":3,"column":0},"end":{"line":3,"column":37}},"4":{"start":{"line":4,"column":0},"end":{"line":4,"column":51}},"5":{"start":{"line":8,"column":4},"end":{"line":49,"column":5}},"6":{"start":{"line":9,"column":8},"end":{"line":9,"column":26}},"7":{"start":{"line":11,"column":89},"end":{"line":11,"column":105}},"8":{"start":{"line":13,"column":8},"end":{"line":15,"column":9}},"9":{"start":{"line":14,"column":12},"end":{"line":14,"column":95}},"10":{"start":{"line":17,"column":8},"end":{"line":19,"column":9}},"11":{"start":{"line":18,"column":12},"end":{"line":18,"column":102}},"12":{"start":{"line":21,"column":23},"end":{"line":21,"column":61}},"13":{"start":{"line":22,"column":8},"end":{"line":24,"column":9}},"14":{"start":{"line":23,"column":12},"end":{"line":23,"column":88}},"15":{"start":{"line":26,"column":8},"end":{"line":28,"column":9}},"16":{"start":{"line":27,"column":12},"end":{"line":27,"column":100}},"17":{"start":{"line":30,"column":8},"end":{"line":32,"column":9}},"18":{"start":{"line":31,"column":12},"end":{"line":31,"column":102}},"19":{"start":{"line":34,"column":26},"end":{"line":42,"column":10}},"20":{"start":{"line":44,"column":8},"end":{"line":44,"column":111}},"21":{"start":{"line":47,"column":8},"end":{"line":47,"column":53}},"22":{"start":{"line":48,"column":8},"end":{"line":48,"column":87}}},"fnMap":{"0":{"name":"POST","decl":{"start":{"line":7,"column":22},"end":{"line":7,"column":26}},"loc":{"start":{"line":7,"column":39},"end":{"line":50,"column":1}}}},"branchMap":{"0":{"loc":{"start":{"line":13,"column":8},"end":{"line":15,"column":9}},"type":"if","locations":[{"start":{"line":13,"column":8},"end":{"line":15,"column":9}}]},"1":{"loc":{"start":{"line":13,"column":12},"end":{"line":13,"column":77}},"type":"binary-expr","locations":[{"start":{"line":13,"column":12},"end":{"line":13,"column":23}},{"start":{"line":13,"column":27},"end":{"line":13,"column":38}},{"start":{"line":13,"column":42},"end":{"line":13,"column":51}},{"start":{"line":13,"column":55},"end":{"line":13,"column":62}},{"start":{"line":13,"column":66},"end":{"line":13,"column":77}}]},"2":{"loc":{"start":{"line":17,"column":8},"end":{"line":19,"column":9}},"type":"if","locations":[{"start":{"line":17,"column":8},"end":{"line":19,"column":9}}]},"3":{"loc":{"start":{"line":17,"column":12},"end":{"line":17,"column":36}},"type":"binary-expr","locations":[{"start":{"line":17,"column":12},"end":{"line":17,"column":22}},{"start":{"line":17,"column":26},"end":{"line":17,"column":36}}]},"4":{"loc":{"start":{"line":22,"column":8},"end":{"line":24,"column":9}},"type":"if","locations":[{"start":{"line":22,"column":8},"end":{"line":24,"column":9}}]},"5":{"loc":{"start":{"line":26,"column":8},"end":{"line":28,"column":9}},"type":"if","locations":[{"start":{"line":26,"column":8},"end":{"line":28,"column":9}}]},"6":{"loc":{"start":{"line":26,"column":12},"end":{"line":26,"column":77}},"type":"binary-expr","locations":[{"start":{"line":26,"column":12},"end":{"line":26,"column":32}},{"start":{"line":26,"column":36},"end":{"line":26,"column":77}}]},"7":{"loc":{"start":{"line":30,"column":8},"end":{"line":32,"column":9}},"type":"if","locations":[{"start":{"line":30,"column":8},"end":{"line":32,"column":9}}]},"8":{"loc":{"start":{"line":30,"column":12},"end":{"line":30,"column":79}},"type":"binary-expr","locations":[{"start":{"line":30,"column":12},"end":{"line":30,"column":35}},{"start":{"line":30,"column":39},"end":{"line":30,"column":79}}]}},"s":{"0":1,"1":1,"2":1,"3":1,"4":1,"5":7,"6":7,"7":6,"8":6,"9":1,"10":5,"11":1,"12":4,"13":4,"14":1,"15":3,"16":1,"17":2,"18":1,"19":1,"20":1,"21":1,"22":1},"f":{"0":7},"b":{"0":[1],"1":[6,5,5,5,5],"2":[1],"3":[5,5],"4":[1],"5":[1],"6":[3,2],"7":[1],"8":[2,1]}}
,"C:\\Users\\Muhammad Taha\\Desktop\\New folder (4)\\pak-wheels\\app\\api\\review\\car\\[carId]\\route.ts": {"path":"C:\\Users\\Muhammad Taha\\Desktop\\New folder (4)\\pak-wheels\\app\\api\\review\\car\\[carId]\\route.ts","statementMap":{"0":{"start":{"line":5,"column":0},"end":{"line":5,"column":7}},"1":{"start":{"line":1,"column":0},"end":{"line":1,"column":43}},"2":{"start":{"line":2,"column":0},"end":{"line":2,"column":39}},"3":{"start":{"line":3,"column":0},"end":{"line":3,"column":37}},"4":{"start":{"line":6,"column":4},"end":{"line":18,"column":5}},"5":{"start":{"line":7,"column":8},"end":{"line":7,"column":26}},"6":{"start":{"line":8,"column":24},"end":{"line":8,"column":116}},"7":{"start":{"line":10,"column":8},"end":{"line":12,"column":9}},"8":{"start":{"line":11,"column":12},"end":{"line":11,"column":88}},"9":{"start":{"line":14,"column":8},"end":{"line":14,"column":63}},"10":{"start":{"line":17,"column":8},"end":{"line":17,"column":94}}},"fnMap":{"0":{"name":"GET","decl":{"start":{"line":5,"column":22},"end":{"line":5,"column":25}},"loc":{"start":{"line":5,"column":81},"end":{"line":19,"column":1}}}},"branchMap":{"0":{"loc":{"start":{"line":10,"column":8},"end":{"line":12,"column":9}},"type":"if","locations":[{"start":{"line":10,"column":8},"end":{"line":12,"column":9}}]}},"s":{"0":1,"1":1,"2":1,"3":1,"4":5,"5":5,"6":4,"7":3,"8":1,"9":2,"10":2},"f":{"0":5},"b":{"0":[1]}}
,"C:\\Users\\Muhammad Taha\\Desktop\\New folder (4)\\pak-wheels\\app\\api\\review\\renter\\[renterId]\\route.ts": {"path":"C:\\Users\\Muhammad Taha\\Desktop\\New folder (4)\\pak-wheels\\app\\api\\review\\renter\\[renterId]\\route.ts","statementMap":{"0":{"start":{"line":5,"column":0},"end":{"line":5,"column":7}},"1":{"start":{"line":1,"column":0},"end":{"line":1,"column":43}},"2":{"start":{"line":2,"column":0},"end":{"line":2,"column":39}},"3":{"start":{"line":3,"column":0},"end":{"line":3,"column":37}},"4":{"start":{"line":6,"column":4},"end":{"line":18,"column":5}},"5":{"start":{"line":7,"column":8},"end":{"line":7,"column":26}},"6":{"start":{"line":8,"column":24},"end":{"line":8,"column":127}},"7":{"start":{"line":10,"column":8},"end":{"line":12,"column":9}},"8":{"start":{"line":11,"column":12},"end":{"line":11,"column":88}},"9":{"start":{"line":14,"column":8},"end":{"line":14,"column":63}},"10":{"start":{"line":17,"column":8},"end":{"line":17,"column":94}}},"fnMap":{"0":{"name":"GET","decl":{"start":{"line":5,"column":22},"end":{"line":5,"column":25}},"loc":{"start":{"line":5,"column":84},"end":{"line":19,"column":1}}}},"branchMap":{"0":{"loc":{"start":{"line":10,"column":8},"end":{"line":12,"column":9}},"type":"if","locations":[{"start":{"line":10,"column":8},"end":{"line":12,"column":9}}]}},"s":{"0":1,"1":1,"2":1,"3":1,"4":5,"5":5,"6":4,"7":3,"8":1,"9":2,"10":2},"f":{"0":5},"b":{"0":[1]}}
,"C:\\Users\\Muhammad Taha\\Desktop\\New folder (4)\\pak-wheels\\app\\api\\users\\route.ts": {"path":"C:\\Users\\Muhammad Taha\\Desktop\\New folder (4)\\pak-wheels\\app\\api\\users\\route.ts","statementMap":{"0":{"start":{"line":25,"column":0},"end":{"line":25,"column":7}},"1":{"start":{"line":2,"column":0},"end":{"line":2,"column":39}},"2":{"start":{"line":5,"column":0},"end":{"line":5,"column":33}},"3":{"start":{"line":8,"column":0},"end":{"line":8,"column":54}},"4":{"start":{"line":11,"column":0},"end":{"line":11,"column":56}},"5":{"start":{"line":26,"column":2},"end":{"line":50,"column":3}},"6":{"start":{"line":28,"column":26},"end":{"line":28,"column":52}},"7":{"start":{"line":29,"column":4},"end":{"line":29,"column":59}},"8":{"start":{"line":29,"column":38},"end":{"line":29,"column":59}},"9":{"start":{"line":32,"column":4},"end":{"line":32,"column":22}},"10":{"start":{"line":35,"column":39},"end":{"line":35,"column":98}},"11":{"start":{"line":38,"column":47},"end":{"line":38,"column":92}},"12":{"start":{"line":38,"column":70},"end":{"line":38,"column":91}},"13":{"start":{"line":41,"column":4},"end":{"line":41,"column":54}},"14":{"start":{"line":41,"column":36},"end":{"line":41,"column":52}},"15":{"start":{"line":44,"column":4},"end":{"line":44,"column":72}},"16":{"start":{"line":46,"column":4},"end":{"line":47,"column":53}},"17":{"start":{"line":46,"column":32},"end":{"line":46,"column":61}},"18":{"start":{"line":47,"column":9},"end":{"line":47,"column":53}},"19":{"start":{"line":49,"column":4},"end":{"line":49,"column":81}}},"fnMap":{"0":{"name":"GET","decl":{"start":{"line":25,"column":22},"end":{"line":25,"column":25}},"loc":{"start":{"line":25,"column":42},"end":{"line":51,"column":1}}},"1":{"name":"(anonymous_2)","decl":{"start":{"line":38,"column":60},"end":{"line":38,"column":61}},"loc":{"start":{"line":38,"column":70},"end":{"line":38,"column":91}}},"2":{"name":"(anonymous_3)","decl":{"start":{"line":41,"column":26},"end":{"line":41,"column":27}},"loc":{"start":{"line":41,"column":36},"end":{"line":41,"column":52}}}},"branchMap":{"0":{"loc":{"start":{"line":29,"column":4},"end":{"line":29,"column":59}},"type":"if","locations":[{"start":{"line":29,"column":4},"end":{"line":29,"column":59}}]},"1":{"loc":{"start":{"line":46,"column":4},"end":{"line":47,"column":53}},"type":"if","locations":[{"start":{"line":46,"column":4},"end":{"line":47,"column":53}},{"start":{"line":47,"column":9},"end":{"line":47,"column":53}}]}},"s":{"0":1,"1":1,"2":1,"3":1,"4":1,"5":3,"6":3,"7":3,"8":1,"9":2,"10":1,"11":1,"12":2,"13":1,"14":1,"15":1,"16":1,"17":1,"18":0,"19":1},"f":{"0":3,"1":2,"2":1},"b":{"0":[1],"1":[1,0]}}
,"C:\\Users\\Muhammad Taha\\Desktop\\New folder (4)\\pak-wheels\\app\\api\\users\\[id]\\route.ts": {"path":"C:\\Users\\Muhammad Taha\\Desktop\\New folder (4)\\pak-wheels\\app\\api\\users\\[id]\\route.ts","statementMap":{"0":{"start":{"line":13,"column":0},"end":{"line":13,"column":7}},"1":{"start":{"line":2,"column":0},"end":{"line":2,"column":39}},"2":{"start":{"line":5,"column":0},"end":{"line":5,"column":33}},"3":{"start":{"line":8,"column":0},"end":{"line":8,"column":56}},"4":{"start":{"line":14,"column":2},"end":{"line":42,"column":3}},"5":{"start":{"line":16,"column":22},"end":{"line":16,"column":53}},"6":{"start":{"line":17,"column":4},"end":{"line":17,"column":110}},"7":{"start":{"line":17,"column":20},"end":{"line":17,"column":110}},"8":{"start":{"line":20,"column":4},"end":{"line":20,"column":22}},"9":{"start":{"line":23,"column":19},"end":{"line":23,"column":28}},"10":{"start":{"line":24,"column":25},"end":{"line":24,"column":52}},"11":{"start":{"line":25,"column":4},"end":{"line":25,"column":97}},"12":{"start":{"line":25,"column":23},"end":{"line":25,"column":97}},"13":{"start":{"line":28,"column":4},"end":{"line":30,"column":5}},"14":{"start":{"line":29,"column":6},"end":{"line":29,"column":80}},"15":{"start":{"line":33,"column":4},"end":{"line":33,"column":41}},"16":{"start":{"line":36,"column":4},"end":{"line":36,"column":96}},"17":{"start":{"line":38,"column":4},"end":{"line":39,"column":53}},"18":{"start":{"line":38,"column":32},"end":{"line":38,"column":61}},"19":{"start":{"line":39,"column":9},"end":{"line":39,"column":53}},"20":{"start":{"line":41,"column":4},"end":{"line":41,"column":81}}},"fnMap":{"0":{"name":"DELETE","decl":{"start":{"line":13,"column":22},"end":{"line":13,"column":28}},"loc":{"start":{"line":13,"column":85},"end":{"line":43,"column":1}}}},"branchMap":{"0":{"loc":{"start":{"line":17,"column":4},"end":{"line":17,"column":110}},"type":"if","locations":[{"start":{"line":17,"column":4},"end":{"line":17,"column":110}}]},"1":{"loc":{"start":{"line":25,"column":4},"end":{"line":25,"column":97}},"type":"if","locations":[{"start":{"line":25,"column":4},"end":{"line":25,"column":97}}]},"2":{"loc":{"start":{"line":28,"column":4},"end":{"line":30,"column":5}},"type":"if","locations":[{"start":{"line":28,"column":4},"end":{"line":30,"column":5}}]},"3":{"loc":{"start":{"line":28,"column":8},"end":{"line":28,"column":73}},"type":"binary-expr","locations":[{"start":{"line":28,"column":8},"end":{"line":28,"column":40}},{"start":{"line":28,"column":44},"end":{"line":28,"column":73}}]},"4":{"loc":{"start":{"line":38,"column":4},"end":{"line":39,"column":53}},"type":"if","locations":[{"start":{"line":38,"column":4},"end":{"line":39,"column":53}},{"start":{"line":39,"column":9},"end":{"line":39,"column":53}}]}},"s":{"0":1,"1":1,"2":1,"3":1,"4":5,"5":5,"6":5,"7":1,"8":4,"9":3,"10":3,"11":3,"12":1,"13":2,"14":1,"15":1,"16":1,"17":1,"18":1,"19":0,"20":1},"f":{"0":5},"b":{"0":[1],"1":[1],"2":[1],"3":[2,1],"4":[1,0]}}
,"C:\\Users\\Muhammad Taha\\Desktop\\New folder (4)\\pak-wheels\\app\\api\\users\\auth\\login\\route.ts": {"path":"C:\\Users\\Muhammad Taha\\Desktop\\New folder (4)\\pak-wheels\\app\\api\\users\\auth\\login\\route.ts","statementMap":{"0":{"start":{"line":34,"column":0},"end":{"line":34,"column":7}},"1":{"start":{"line":2,"column":0},"end":{"line":2,"column":39}},"2":{"start":{"line":5,"column":0},"end":{"line":5,"column":33}},"3":{"start":{"line":8,"column":0},"end":{"line":8,"column":43}},"4":{"start":{"line":9,"column":0},"end":{"line":9,"column":39}},"5":{"start":{"line":12,"column":0},"end":{"line":12,"column":30}},"6":{"start":{"line":13,"column":0},"end":{"line":13,"column":36}},"7":{"start":{"line":14,"column":0},"end":{"line":14,"column":35}},"8":{"start":{"line":17,"column":0},"end":{"line":17,"column":54}},"9":{"start":{"line":35,"column":2},"end":{"line":94,"column":3}},"10":{"start":{"line":37,"column":24},"end":{"line":37,"column":39}},"11":{"start":{"line":38,"column":26},"end":{"line":38,"column":54}},"12":{"start":{"line":40,"column":4},"end":{"line":42,"column":5}},"13":{"start":{"line":41,"column":6},"end":{"line":41,"column":83}},"14":{"start":{"line":45,"column":33},"end":{"line":45,"column":53}},"15":{"start":{"line":48,"column":4},"end":{"line":50,"column":5}},"16":{"start":{"line":49,"column":6},"end":{"line":49,"column":104}},"17":{"start":{"line":53,"column":4},"end":{"line":53,"column":22}},"18":{"start":{"line":56,"column":25},"end":{"line":56,"column":54}},"19":{"start":{"line":58,"column":4},"end":{"line":60,"column":5}},"20":{"start":{"line":59,"column":6},"end":{"line":59,"column":87}},"21":{"start":{"line":63,"column":20},"end":{"line":63,"column":73}},"22":{"start":{"line":65,"column":4},"end":{"line":67,"column":5}},"23":{"start":{"line":66,"column":6},"end":{"line":66,"column":85}},"24":{"start":{"line":70,"column":19},"end":{"line":70,"column":47}},"25":{"start":{"line":71,"column":18},"end":{"line":71,"column":88}},"26":{"start":{"line":73,"column":23},"end":{"line":79,"column":6}},"27":{"start":{"line":82,"column":35},"end":{"line":88,"column":6}},"28":{"start":{"line":90,"column":4},"end":{"line":90,"column":149}},"29":{"start":{"line":92,"column":4},"end":{"line":92,"column":101}},"30":{"start":{"line":93,"column":4},"end":{"line":93,"column":98}}},"fnMap":{"0":{"name":"POST","decl":{"start":{"line":34,"column":22},"end":{"line":34,"column":26}},"loc":{"start":{"line":34,"column":43},"end":{"line":95,"column":1}}}},"branchMap":{"0":{"loc":{"start":{"line":40,"column":4},"end":{"line":42,"column":5}},"type":"if","locations":[{"start":{"line":40,"column":4},"end":{"line":42,"column":5}}]},"1":{"loc":{"start":{"line":48,"column":4},"end":{"line":50,"column":5}},"type":"if","locations":[{"start":{"line":48,"column":4},"end":{"line":50,"column":5}}]},"2":{"loc":{"start":{"line":48,"column":8},"end":{"line":48,"column":45}},"type":"binary-expr","locations":[{"start":{"line":48,"column":8},"end":{"line":48,"column":26}},{"start":{"line":48,"column":26},"end":{"line":48,"column":45}}]},"3":{"loc":{"start":{"line":48,"column":9},"end":{"line":48,"column":22}},"type":"cond-expr","locations":[{"start":{"line":48,"column":14},"end":{"line":48,"column":16}},{"start":{"line":48,"column":9},"end":{"line":48,"column":22}}]},"4":{"loc":{"start":{"line":48,"column":9},"end":{"line":48,"column":16}},"type":"binary-expr","locations":[{"start":{"line":48,"column":9},"end":{"line":48,"column":16}},{"start":{"line":48,"column":9},"end":{"line":48,"column":16}}]},"5":{"loc":{"start":{"line":48,"column":27},"end":{"line":48,"column":43}},"type":"cond-expr","locations":[{"start":{"line":48,"column":35},"end":{"line":48,"column":37}},{"start":{"line":48,"column":27},"end":{"line":48,"column":43}}]},"6":{"loc":{"start":{"line":48,"column":27},"end":{"line":48,"column":37}},"type":"binary-expr","locations":[{"start":{"line":48,"column":27},"end":{"line":48,"column":37}},{"start":{"line":48,"column":27},"end":{"line":48,"column":37}}]},"7":{"loc":{"start":{"line":58,"column":4},"end":{"line":60,"column":5}},"type":"if","locations":[{"start":{"line":58,"column":4},"end":{"line":60,"column":5}}]},"8":{"loc":{"start":{"line":65,"column":4},"end":{"line":67,"column":5}},"type":"if","locations":[{"start":{"line":65,"column":4},"end":{"line":67,"column":5}}]},"9":{"loc":{"start":{"line":70,"column":19},"end":{"line":70,"column":47}},"type":"binary-expr","locations":[{"start":{"line":70,"column":19},"end":{"line":70,"column":41}},{"start":{"line":70,"column":45},"end":{"line":70,"column":47}}]},"10":{"loc":{"start":{"line":92,"column":43},"end":{"line":92,"column":99}},"type":"cond-expr","locations":[{"start":{"line":92,"column":68},"end":{"line":92,"column":81}},{"start":{"line":92,"column":84},"end":{"line":92,"column":99}}]}},"s":{"0":1,"1":1,"2":1,"3":1,"4":1,"5":1,"6":1,"7":1,"8":1,"9":2,"10":2,"11":2,"12":2,"13":0,"14":2,"15":2,"16":0,"17":2,"18":2,"19":2,"20":0,"21":2,"22":2,"23":1,"24":1,"25":1,"26":1,"27":1,"28":1,"29":0,"30":0},"f":{"0":2},"b":{"0":[0],"1":[0],"2":[2,2],"3":[0,2],"4":[2,2],"5":[0,2],"6":[2,2],"7":[0],"8":[1],"9":[1,0],"10":[0,0]}}
,"C:\\Users\\Muhammad Taha\\Desktop\\New folder (4)\\pak-wheels\\app\\api\\users\\auth\\logout\\route.ts": {"path":"C:\\Users\\Muhammad Taha\\Desktop\\New folder (4)\\pak-wheels\\app\\api\\users\\auth\\logout\\route.ts","statementMap":{"0":{"start":{"line":11,"column":0},"end":{"line":11,"column":7}},"1":{"start":{"line":2,"column":0},"end":{"line":2,"column":43}},"2":{"start":{"line":3,"column":0},"end":{"line":3,"column":39}},"3":{"start":{"line":6,"column":0},"end":{"line":6,"column":35}},"4":{"start":{"line":9,"column":0},"end":{"line":9,"column":42}},"5":{"start":{"line":12,"column":2},"end":{"line":34,"column":3}},"6":{"start":{"line":14,"column":24},"end":{"line":14,"column":39}},"7":{"start":{"line":15,"column":26},"end":{"line":15,"column":54}},"8":{"start":{"line":17,"column":4},"end":{"line":19,"column":5}},"9":{"start":{"line":18,"column":6},"end":{"line":18,"column":84}},"10":{"start":{"line":22,"column":23},"end":{"line":28,"column":6}},"11":{"start":{"line":30,"column":4},"end":{"line":30,"column":125}},"12":{"start":{"line":32,"column":4},"end":{"line":32,"column":47}},"13":{"start":{"line":33,"column":4},"end":{"line":33,"column":111}}},"fnMap":{"0":{"name":"POST","decl":{"start":{"line":11,"column":22},"end":{"line":11,"column":26}},"loc":{"start":{"line":11,"column":26},"end":{"line":35,"column":1}}}},"branchMap":{"0":{"loc":{"start":{"line":17,"column":4},"end":{"line":19,"column":5}},"type":"if","locations":[{"start":{"line":17,"column":4},"end":{"line":19,"column":5}}]}},"s":{"0":1,"1":1,"2":1,"3":1,"4":1,"5":3,"6":3,"7":2,"8":2,"9":1,"10":1,"11":1,"12":1,"13":1},"f":{"0":3},"b":{"0":[1]}}
,"C:\\Users\\Muhammad Taha\\Desktop\\New folder (4)\\pak-wheels\\app\\api\\users\\auth\\me\\route.ts": {"path":"C:\\Users\\Muhammad Taha\\Desktop\\New folder (4)\\pak-wheels\\app\\api\\users\\auth\\me\\route.ts","statementMap":{"0":{"start":{"line":20,"column":0},"end":{"line":20,"column":7}},"1":{"start":{"line":2,"column":0},"end":{"line":2,"column":39}},"2":{"start":{"line":5,"column":0},"end":{"line":5,"column":33}},"3":{"start":{"line":8,"column":0},"end":{"line":8,"column":43}},"4":{"start":{"line":9,"column":0},"end":{"line":9,"column":39}},"5":{"start":{"line":12,"column":0},"end":{"line":12,"column":38}},"6":{"start":{"line":15,"column":0},"end":{"line":15,"column":42}},"7":{"start":{"line":21,"column":2},"end":{"line":65,"column":3}},"8":{"start":{"line":23,"column":24},"end":{"line":23,"column":39}},"9":{"start":{"line":24,"column":18},"end":{"line":24,"column":46}},"10":{"start":{"line":26,"column":4},"end":{"line":28,"column":5}},"11":{"start":{"line":27,"column":6},"end":{"line":27,"column":80}},"12":{"start":{"line":31,"column":22},"end":{"line":31,"column":27}},"13":{"start":{"line":32,"column":19},"end":{"line":32,"column":47}},"14":{"start":{"line":34,"column":4},"end":{"line":61,"column":5}},"15":{"start":{"line":36,"column":22},"end":{"line":36,"column":64}},"16":{"start":{"line":39,"column":6},"end":{"line":39,"column":24}},"17":{"start":{"line":42,"column":19},"end":{"line":42,"column":63}},"18":{"start":{"line":44,"column":6},"end":{"line":46,"column":7}},"19":{"start":{"line":45,"column":8},"end":{"line":45,"column":82}},"20":{"start":{"line":49,"column":37},"end":{"line":55,"column":8}},"21":{"start":{"line":57,"column":6},"end":{"line":57,"column":99}},"22":{"start":{"line":59,"column":6},"end":{"line":59,"column":56}},"23":{"start":{"line":60,"column":6},"end":{"line":60,"column":83}},"24":{"start":{"line":63,"column":4},"end":{"line":63,"column":51}},"25":{"start":{"line":64,"column":4},"end":{"line":64,"column":76}}},"fnMap":{"0":{"name":"GET","decl":{"start":{"line":20,"column":22},"end":{"line":20,"column":25}},"loc":{"start":{"line":20,"column":25},"end":{"line":66,"column":1}}}},"branchMap":{"0":{"loc":{"start":{"line":26,"column":4},"end":{"line":28,"column":5}},"type":"if","locations":[{"start":{"line":26,"column":4},"end":{"line":28,"column":5}}]},"1":{"loc":{"start":{"line":32,"column":19},"end":{"line":32,"column":47}},"type":"binary-expr","locations":[{"start":{"line":32,"column":19},"end":{"line":32,"column":41}},{"start":{"line":32,"column":45},"end":{"line":32,"column":47}}]},"2":{"loc":{"start":{"line":44,"column":6},"end":{"line":46,"column":7}},"type":"if","locations":[{"start":{"line":44,"column":6},"end":{"line":46,"column":7}}]}},"s":{"0":1,"1":1,"2":1,"3":1,"4":1,"5":1,"6":1,"7":5,"8":5,"9":4,"10":4,"11":1,"12":3,"13":3,"14":3,"15":3,"16":2,"17":2,"18":2,"19":1,"20":1,"21":1,"22":1,"23":1,"24":1,"25":1},"f":{"0":5},"b":{"0":[1],"1":[3,3],"2":[1]}}
,"C:\\Users\\Muhammad Taha\\Desktop\\New folder (4)\\pak-wheels\\app\\api\\users\\auth\\signup\\route.ts": {"path":"C:\\Users\\Muhammad Taha\\Desktop\\New folder (4)\\pak-wheels\\app\\api\\users\\auth\\signup\\route.ts","statementMap":{"0":{"start":{"line":30,"column":0},"end":{"line":30,"column":7}},"1":{"start":{"line":2,"column":0},"end":{"line":2,"column":39}},"2":{"start":{"line":5,"column":0},"end":{"line":5,"column":33}},"3":{"start":{"line":8,"column":0},"end":{"line":8,"column":43}},"4":{"start":{"line":11,"column":0},"end":{"line":11,"column":30}},"5":{"start":{"line":31,"column":2},"end":{"line":75,"column":3}},"6":{"start":{"line":33,"column":52},"end":{"line":33,"column":72}},"7":{"start":{"line":36,"column":4},"end":{"line":38,"column":5}},"8":{"start":{"line":37,"column":6},"end":{"line":37,"column":104}},"9":{"start":{"line":41,"column":4},"end":{"line":41,"column":22}},"10":{"start":{"line":44,"column":25},"end":{"line":44,"column":103}},"11":{"start":{"line":46,"column":4},"end":{"line":48,"column":5}},"12":{"start":{"line":47,"column":6},"end":{"line":47,"column":133}},"13":{"start":{"line":51,"column":17},"end":{"line":51,"column":41}},"14":{"start":{"line":52,"column":27},"end":{"line":52,"column":60}},"15":{"start":{"line":55,"column":20},"end":{"line":60,"column":6}},"16":{"start":{"line":63,"column":35},"end":{"line":69,"column":6}},"17":{"start":{"line":71,"column":4},"end":{"line":71,"column":108}},"18":{"start":{"line":73,"column":4},"end":{"line":73,"column":101}},"19":{"start":{"line":74,"column":4},"end":{"line":74,"column":95}}},"fnMap":{"0":{"name":"POST","decl":{"start":{"line":30,"column":22},"end":{"line":30,"column":26}},"loc":{"start":{"line":30,"column":43},"end":{"line":76,"column":1}}}},"branchMap":{"0":{"loc":{"start":{"line":36,"column":4},"end":{"line":38,"column":5}},"type":"if","locations":[{"start":{"line":36,"column":4},"end":{"line":38,"column":5}}]},"1":{"loc":{"start":{"line":36,"column":8},"end":{"line":36,"column":86}},"type":"binary-expr","locations":[{"start":{"line":36,"column":8},"end":{"line":36,"column":25}},{"start":{"line":36,"column":25},"end":{"line":36,"column":43}},{"start":{"line":36,"column":43},"end":{"line":36,"column":67}},{"start":{"line":36,"column":67},"end":{"line":36,"column":86}}]},"2":{"loc":{"start":{"line":36,"column":9},"end":{"line":36,"column":21}},"type":"cond-expr","locations":[{"start":{"line":36,"column":13},"end":{"line":36,"column":15}},{"start":{"line":36,"column":9},"end":{"line":36,"column":21}}]},"3":{"loc":{"start":{"line":36,"column":9},"end":{"line":36,"column":15}},"type":"binary-expr","locations":[{"start":{"line":36,"column":9},"end":{"line":36,"column":15}},{"start":{"line":36,"column":9},"end":{"line":36,"column":15}}]},"4":{"loc":{"start":{"line":36,"column":26},"end":{"line":36,"column":39}},"type":"cond-expr","locations":[{"start":{"line":36,"column":31},"end":{"line":36,"column":33}},{"start":{"line":36,"column":26},"end":{"line":36,"column":39}}]},"5":{"loc":{"start":{"line":36,"column":26},"end":{"line":36,"column":33}},"type":"binary-expr","locations":[{"start":{"line":36,"column":26},"end":{"line":36,"column":33}},{"start":{"line":36,"column":26},"end":{"line":36,"column":33}}]},"6":{"loc":{"start":{"line":36,"column":44},"end":{"line":36,"column":63}},"type":"cond-expr","locations":[{"start":{"line":36,"column":55},"end":{"line":36,"column":57}},{"start":{"line":36,"column":44},"end":{"line":36,"column":63}}]},"7":{"loc":{"start":{"line":36,"column":44},"end":{"line":36,"column":57}},"type":"binary-expr","locations":[{"start":{"line":36,"column":44},"end":{"line":36,"column":57}},{"start":{"line":36,"column":44},"end":{"line":36,"column":57}}]},"8":{"loc":{"start":{"line":36,"column":68},"end":{"line":36,"column":84}},"type":"cond-expr","locations":[{"start":{"line":36,"column":76},"end":{"line":36,"column":78}},{"start":{"line":36,"column":68},"end":{"line":36,"column":84}}]},"9":{"loc":{"start":{"line":36,"column":68},"end":{"line":36,"column":78}},"type":"binary-expr","locations":[{"start":{"line":36,"column":68},"end":{"line":36,"column":78}},{"start":{"line":36,"column":68},"end":{"line":36,"column":78}}]},"10":{"loc":{"start":{"line":46,"column":4},"end":{"line":48,"column":5}},"type":"if","locations":[{"start":{"line":46,"column":4},"end":{"line":48,"column":5}}]},"11":{"loc":{"start":{"line":47,"column":54},"end":{"line":47,"column":109}},"type":"cond-expr","locations":[{"start":{"line":47,"column":85},"end":{"line":47,"column":92}},{"start":{"line":47,"column":95},"end":{"line":47,"column":109}}]},"12":{"loc":{"start":{"line":73,"column":43},"end":{"line":73,"column":99}},"type":"cond-expr","locations":[{"start":{"line":73,"column":68},"end":{"line":73,"column":81}},{"start":{"line":73,"column":84},"end":{"line":73,"column":99}}]}},"s":{"0":2,"1":2,"2":2,"3":2,"4":2,"5":5,"6":5,"7":5,"8":1,"9":4,"10":4,"11":4,"12":1,"13":3,"14":3,"15":3,"16":3,"17":3,"18":0,"19":0},"f":{"0":5},"b":{"0":[1],"1":[5,4,4,4],"2":[1,4],"3":[5,5],"4":[0,4],"5":[4,4],"6":[0,4],"7":[4,4],"8":[0,4],"9":[4,4],"10":[1],"11":[1,0],"12":[0,0]}}
,"C:\\Users\\Muhammad Taha\\Desktop\\New folder (4)\\pak-wheels\\models\\Ad.ts": {"path":"C:\\Users\\Muhammad Taha\\Desktop\\New folder (4)\\pak-wheels\\models\\Ad.ts","statementMap":{"0":{"start":{"line":1,"column":0},"end":{"line":1,"column":49}},"1":{"start":{"line":3,"column":22},"end":{"line":20,"column":null}},"2":{"start":{"line":23,"column":16},"end":{"line":23,"column":65}},"3":{"start":{"line":24,"column":0},"end":{"line":24,"column":23}}},"fnMap":{},"branchMap":{"0":{"loc":{"start":{"line":23,"column":16},"end":{"line":23,"column":65}},"type":"binary-expr","locations":[{"start":{"line":23,"column":16},"end":{"line":23,"column":30}},{"start":{"line":23,"column":34},"end":{"line":23,"column":65}}]}},"s":{"0":1,"1":1,"2":1,"3":1},"f":{},"b":{"0":[1,1]}}
,"C:\\Users\\Muhammad Taha\\Desktop\\New folder (4)\\pak-wheels\\models\\Car.ts": {"path":"C:\\Users\\Muhammad Taha\\Desktop\\New folder (4)\\pak-wheels\\models\\Car.ts","statementMap":{"0":{"start":{"line":1,"column":0},"end":{"line":1,"column":49}},"1":{"start":{"line":3,"column":18},"end":{"line":16,"column":2}},"2":{"start":{"line":18,"column":12},"end":{"line":18,"column":49}},"3":{"start":{"line":20,"column":0},"end":{"line":20,"column":19}}},"fnMap":{},"branchMap":{"0":{"loc":{"start":{"line":18,"column":12},"end":{"line":18,"column":49}},"type":"binary-expr","locations":[{"start":{"line":18,"column":12},"end":{"line":18,"column":22}},{"start":{"line":18,"column":26},"end":{"line":18,"column":49}}]}},"s":{"0":2,"1":2,"2":2,"3":2},"f":{},"b":{"0":[2,2]}}
,"C:\\Users\\Muhammad Taha\\Desktop\\New folder (4)\\pak-wheels\\models\\RentalRequest.ts": {"path":"C:\\Users\\Muhammad Taha\\Desktop\\New folder (4)\\pak-wheels\\models\\RentalRequest.ts","statementMap":{"0":{"start":{"line":1,"column":0},"end":{"line":1,"column":49}},"1":{"start":{"line":4,"column":28},"end":{"line":18,"column":2}},"2":{"start":{"line":20,"column":22},"end":{"line":20,"column":89}},"3":{"start":{"line":22,"column":0},"end":{"line":22,"column":29}}},"fnMap":{},"branchMap":{"0":{"loc":{"start":{"line":20,"column":22},"end":{"line":20,"column":89}},"type":"binary-expr","locations":[{"start":{"line":20,"column":22},"end":{"line":20,"column":42}},{"start":{"line":20,"column":46},"end":{"line":20,"column":89}}]}},"s":{"0":1,"1":1,"2":1,"3":1},"f":{},"b":{"0":[1,1]}}
,"C:\\Users\\Muhammad Taha\\Desktop\\New folder (4)\\pak-wheels\\models\\User.ts": {"path":"C:\\Users\\Muhammad Taha\\Desktop\\New folder (4)\\pak-wheels\\models\\User.ts","statementMap":{"0":{"start":{"line":1,"column":0},"end":{"line":1,"column":49}},"1":{"start":{"line":3,"column":19},"end":{"line":16,"column":2}},"2":{"start":{"line":18,"column":13},"end":{"line":18,"column":62}},"3":{"start":{"line":20,"column":0},"end":{"line":20,"column":20}}},"fnMap":{},"branchMap":{"0":{"loc":{"start":{"line":18,"column":13},"end":{"line":18,"column":62}},"type":"binary-expr","locations":[{"start":{"line":18,"column":13},"end":{"line":18,"column":24}},{"start":{"line":18,"column":28},"end":{"line":18,"column":62}}]}},"s":{"0":4,"1":4,"2":4,"3":4},"f":{},"b":{"0":[4,4]}}
}
