TN:
SF:app\api\ads\route.ts
FN:8,POST
FN:29,GET
FNF:2
FNH:2
FNDA:2,POST
FNDA:1,GET
DA:2,1
DA:4,1
DA:5,1
DA:8,1
DA:9,2
DA:10,2
DA:12,2
DA:14,2
DA:17,2
DA:18,1
DA:21,1
DA:22,1
DA:24,0
DA:25,0
DA:29,1
DA:30,1
DA:31,1
DA:32,1
DA:33,1
DA:35,0
DA:36,0
DA:38,0
LF:22
LH:17
BRDA:17,0,0,1
BRDA:17,1,0,2
BRDA:17,1,1,1
BRDA:17,1,2,1
BRDA:17,1,3,1
BRDA:17,1,4,1
BRDA:17,1,5,1
BRDA:17,1,6,1
BRDA:17,1,7,1
BRDA:17,1,8,1
BRDA:17,1,9,1
BRDA:35,2,0,0
BRDA:35,2,1,0
BRF:13
BRH:11
end_of_record
TN:
SF:app\api\brands\route.ts
FN:10,GET
FN:29,POST
FNF:2
FNH:2
FNDA:3,GET
FNDA:3,POST
DA:3,1
DA:4,1
DA:5,1
DA:6,1
DA:7,1
DA:10,1
DA:12,3
DA:13,0
DA:17,3
DA:18,3
DA:21,2
DA:22,2
DA:25,2
DA:29,1
DA:31,3
DA:32,0
DA:36,3
DA:37,3
DA:40,2
DA:41,2
DA:42,1
DA:46,1
DA:47,1
DA:48,1
DA:51,1
LF:25
LH:23
BRDA:12,0,0,0
BRDA:18,1,0,1
BRDA:31,2,0,0
BRDA:37,3,0,1
BRDA:41,4,0,1
BRDA:41,5,0,1
BRDA:41,5,1,1
BRDA:41,6,0,2
BRDA:41,6,1,2
BRF:9
BRH:7
end_of_record
TN:
SF:app\api\brands\[id]\route.ts
FN:13,GET
FN:42,DELETE
FN:78,PUT
FNF:3
FNH:3
FNDA:3,GET
FNDA:4,DELETE
FNDA:3,PUT
DA:3,1
DA:4,1
DA:5,1
DA:6,1
DA:7,1
DA:8,1
DA:13,1
DA:15,3
DA:16,0
DA:20,3
DA:21,3
DA:25,0
DA:26,0
DA:29,0
DA:30,0
DA:33,0
DA:34,0
DA:38,0
DA:42,1
DA:44,4
DA:45,4
DA:46,0
DA:50,4
DA:51,4
DA:54,3
DA:55,3
DA:56,3
DA:57,2
DA:61,1
DA:78,1
DA:82,3
DA:84,3
DA:85,0
DA:86,0
DA:87,0
DA:94,0
DA:95,0
DA:102,0
DA:103,0
DA:106,0
DA:107,0
DA:108,0
DA:115,0
DA:116,0
DA:123,0
DA:124,0
DA:131,0
DA:136,3
DA:137,3
LF:49
LH:25
BRDA:15,0,0,0
BRDA:20,1,0,3
BRDA:26,2,0,0
BRDA:33,3,0,0
BRDA:44,4,0,4
BRDA:44,4,1,1
BRDA:44,5,0,0
BRDA:44,5,1,1
BRDA:44,6,0,1
BRDA:44,6,1,1
BRDA:45,7,0,0
BRDA:51,8,0,1
BRDA:56,9,0,2
BRDA:84,10,0,0
BRDA:84,10,1,0
BRDA:84,11,0,3
BRDA:84,11,1,0
BRDA:85,12,0,0
BRDA:85,12,1,0
BRDA:85,13,0,0
BRDA:85,13,1,0
BRDA:86,14,0,0
BRDA:86,15,0,0
BRDA:86,15,1,0
BRDA:94,16,0,0
BRDA:103,17,0,0
BRDA:107,18,0,0
BRDA:107,19,0,0
BRDA:107,19,1,0
BRDA:107,20,0,0
BRDA:107,20,1,0
BRDA:123,21,0,0
BRDA:136,22,0,3
BRDA:136,22,1,0
BRF:34
BRH:10
end_of_record
TN:
SF:app\api\brands\auth\signup\route.ts
FN:30,POST
FNF:1
FNH:1
FNDA:4,POST
DA:2,1
DA:5,1
DA:8,1
DA:11,1
DA:30,1
DA:31,4
DA:33,4
DA:36,4
DA:37,1
DA:41,3
DA:44,3
DA:46,2
DA:47,1
DA:51,1
DA:52,1
DA:55,1
DA:63,1
DA:73,1
DA:75,1
DA:76,1
LF:20
LH:20
BRDA:36,0,0,1
BRDA:36,1,0,4
BRDA:36,1,1,3
BRDA:36,1,2,3
BRDA:36,1,3,3
BRDA:36,2,0,1
BRDA:36,2,1,3
BRDA:36,3,0,4
BRDA:36,3,1,4
BRDA:36,4,0,0
BRDA:36,4,1,3
BRDA:36,5,0,3
BRDA:36,5,1,3
BRDA:36,6,0,0
BRDA:36,6,1,3
BRDA:36,7,0,3
BRDA:36,7,1,3
BRDA:36,8,0,0
BRDA:36,8,1,3
BRDA:36,9,0,3
BRDA:36,9,1,3
BRDA:46,10,0,1
BRDA:75,11,0,1
BRDA:75,11,1,0
BRF:24
BRH:20
end_of_record
TN:
SF:app\api\cars\route.ts
FN:24,POST
FN:64,GET
FNF:2
FNH:2
FNDA:6,POST
FNDA:1,GET
DA:2,1
DA:5,1
DA:6,1
DA:9,1
DA:24,1
DA:25,6
DA:27,6
DA:30,6
DA:31,1
DA:35,5
DA:38,5
DA:39,5
DA:40,0
DA:44,5
DA:56,5
DA:59,0
DA:60,0
DA:64,1
DA:65,1
DA:66,1
DA:67,1
DA:68,1
DA:71,0
DA:72,0
DA:74,0
LF:25
LH:19
BRDA:30,0,0,1
BRDA:30,1,0,6
BRDA:30,1,1,6
BRDA:30,1,2,5
BRDA:30,1,3,5
BRDA:30,2,0,0
BRDA:30,2,1,5
BRDA:30,3,0,5
BRDA:30,3,1,5
BRDA:39,4,0,0
BRDA:47,5,0,5
BRDA:47,5,1,5
BRDA:47,6,0,5
BRDA:47,6,1,0
BRDA:47,7,0,5
BRDA:47,7,1,5
BRDA:49,8,0,5
BRDA:49,8,1,5
BRDA:50,9,0,5
BRDA:50,9,1,5
BRDA:59,10,0,0
BRDA:59,10,1,0
BRDA:71,11,0,0
BRDA:71,11,1,0
BRF:24
BRH:17
end_of_record
TN:
SF:app\api\cars\[id]\route.ts
FN:24,GET
FN:42,PUT
FN:98,DELETE
FNF:3
FNH:3
FNDA:2,GET
FNDA:2,PUT
FNDA:2,DELETE
DA:2,1
DA:5,1
DA:6,1
DA:9,1
DA:24,1
DA:25,2
DA:26,2
DA:27,2
DA:29,2
DA:30,1
DA:32,1
DA:35,0
DA:36,0
DA:38,0
DA:42,1
DA:43,2
DA:44,2
DA:47,2
DA:50,2
DA:51,1
DA:53,1
DA:54,0
DA:56,1
DA:57,0
DA:61,1
DA:62,1
DA:63,0
DA:67,1
DA:68,0
DA:69,0
DA:70,0
DA:75,1
DA:91,1
DA:93,0
DA:94,0
DA:98,1
DA:99,2
DA:100,2
DA:101,2
DA:103,2
DA:104,1
DA:106,1
DA:109,0
DA:110,0
DA:112,0
LF:45
LH:31
BRDA:29,0,0,1
BRDA:35,1,0,0
BRDA:35,1,1,0
BRDA:50,2,0,1
BRDA:50,3,0,2
BRDA:50,3,1,2
BRDA:53,4,0,0
BRDA:53,5,0,1
BRDA:53,5,1,0
BRDA:56,6,0,0
BRDA:56,7,0,1
BRDA:56,7,1,0
BRDA:62,8,0,0
BRDA:67,9,0,0
BRDA:69,10,0,0
BRDA:79,11,0,1
BRDA:79,11,1,0
BRDA:79,12,0,1
BRDA:79,12,1,1
BRDA:79,13,0,0
BRDA:79,13,1,1
BRDA:79,14,0,1
BRDA:79,14,1,1
BRDA:80,15,0,0
BRDA:80,15,1,1
BRDA:80,16,0,1
BRDA:80,16,1,1
BRDA:80,17,0,1
BRDA:80,17,1,0
BRDA:80,18,0,1
BRDA:80,18,1,1
BRDA:81,19,0,0
BRDA:81,19,1,1
BRDA:81,20,0,1
BRDA:81,20,1,1
BRDA:81,21,0,1
BRDA:81,21,1,0
BRDA:81,22,0,1
BRDA:81,22,1,1
BRDA:82,23,0,0
BRDA:82,23,1,1
BRDA:82,24,0,1
BRDA:82,24,1,1
BRDA:83,25,0,0
BRDA:83,25,1,1
BRDA:83,26,0,1
BRDA:83,26,1,1
BRDA:84,27,0,0
BRDA:84,27,1,1
BRDA:84,28,0,1
BRDA:84,28,1,1
BRDA:85,29,0,0
BRDA:85,29,1,1
BRDA:85,30,0,1
BRDA:85,30,1,1
BRDA:86,31,0,0
BRDA:86,31,1,1
BRDA:86,32,0,1
BRDA:86,32,1,1
BRDA:93,33,0,0
BRDA:93,33,1,0
BRDA:103,34,0,1
BRDA:109,35,0,0
BRDA:109,35,1,0
BRF:64
BRH:40
end_of_record
TN:
SF:app\api\rentals\route.ts
FN:8,POST
FN:71,GET
FNF:2
FNH:2
FNDA:6,POST
FNDA:2,GET
DA:1,1
DA:2,1
DA:3,1
DA:4,1
DA:5,1
DA:8,1
DA:9,6
DA:10,6
DA:12,6
DA:14,6
DA:15,1
DA:19,5
DA:20,5
DA:21,5
DA:22,1
DA:26,4
DA:27,4
DA:28,1
DA:32,3
DA:42,3
DA:43,1
DA:47,2
DA:48,2
DA:49,1
DA:53,1
DA:63,1
DA:65,0
DA:66,0
DA:71,1
DA:72,2
DA:73,2
DA:74,2
DA:75,2
DA:78,0
DA:79,0
LF:35
LH:31
BRDA:14,0,0,1
BRDA:14,1,0,6
BRDA:14,1,1,5
BRDA:14,1,2,5
BRDA:14,1,3,5
BRDA:14,1,4,5
BRDA:21,2,0,1
BRDA:21,3,0,5
BRDA:21,3,1,5
BRDA:21,3,2,5
BRDA:27,4,0,1
BRDA:42,5,0,1
BRDA:48,6,0,1
BRF:13
BRH:13
end_of_record
TN:
SF:app\api\rentals\[id]\route.ts
FN:8,GET
FN:26,PUT
FN:57,DELETE
FNF:3
FNH:3
FNDA:1,GET
FNDA:3,PUT
FNDA:1,DELETE
DA:1,1
DA:2,1
DA:3,1
DA:8,1
DA:9,1
DA:10,1
DA:11,1
DA:15,1
DA:18,0
DA:19,0
DA:26,1
DA:27,3
DA:28,3
DA:31,3
DA:32,3
DA:33,1
DA:37,2
DA:43,2
DA:45,1
DA:48,0
DA:49,0
DA:57,1
DA:58,1
DA:59,1
DA:60,1
DA:62,1
DA:64,1
DA:66,0
DA:67,0
LF:29
LH:23
BRDA:32,0,0,1
BRDA:43,1,0,1
BRDA:62,2,0,0
BRF:3
BRH:2
end_of_record
TN:
SF:app\api\review\route.ts
FN:7,POST
FNF:1
FNH:1
FNDA:7,POST
DA:1,1
DA:2,1
DA:3,1
DA:4,1
DA:7,1
DA:8,7
DA:9,7
DA:11,6
DA:13,6
DA:14,1
DA:17,5
DA:18,1
DA:21,4
DA:22,4
DA:23,1
DA:26,3
DA:27,1
DA:30,2
DA:31,1
DA:34,1
DA:44,1
DA:47,1
DA:48,1
LF:23
LH:23
BRDA:13,0,0,1
BRDA:13,1,0,6
BRDA:13,1,1,5
BRDA:13,1,2,5
BRDA:13,1,3,5
BRDA:13,1,4,5
BRDA:17,2,0,1
BRDA:17,3,0,5
BRDA:17,3,1,5
BRDA:22,4,0,1
BRDA:26,5,0,1
BRDA:26,6,0,3
BRDA:26,6,1,2
BRDA:30,7,0,1
BRDA:30,8,0,2
BRDA:30,8,1,1
BRF:16
BRH:16
end_of_record
TN:
SF:app\api\review\car\[carId]\route.ts
FN:5,GET
FNF:1
FNH:1
FNDA:5,GET
DA:1,1
DA:2,1
DA:3,1
DA:5,1
DA:6,5
DA:7,5
DA:8,4
DA:10,3
DA:11,1
DA:14,2
DA:17,2
LF:11
LH:11
BRDA:10,0,0,1
BRF:1
BRH:1
end_of_record
TN:
SF:app\api\review\renter\[renterId]\route.ts
FN:5,GET
FNF:1
FNH:1
FNDA:5,GET
DA:1,1
DA:2,1
DA:3,1
DA:5,1
DA:6,5
DA:7,5
DA:8,4
DA:10,3
DA:11,1
DA:14,2
DA:17,2
LF:11
LH:11
BRDA:10,0,0,1
BRF:1
BRH:1
end_of_record
TN:
SF:app\api\users\route.ts
FN:25,GET
FN:38,(anonymous_2)
FN:41,(anonymous_3)
FNF:3
FNH:3
FNDA:3,GET
FNDA:2,(anonymous_2)
FNDA:1,(anonymous_3)
DA:2,1
DA:5,1
DA:8,1
DA:11,1
DA:25,1
DA:26,3
DA:28,3
DA:29,3
DA:32,2
DA:35,1
DA:38,2
DA:41,1
DA:44,1
DA:46,1
DA:47,0
DA:49,1
LF:16
LH:15
BRDA:29,0,0,1
BRDA:46,1,0,1
BRDA:46,1,1,0
BRF:3
BRH:2
end_of_record
TN:
SF:app\api\users\[id]\route.ts
FN:13,DELETE
FNF:1
FNH:1
FNDA:5,DELETE
DA:2,1
DA:5,1
DA:8,1
DA:13,1
DA:14,5
DA:16,5
DA:17,5
DA:20,4
DA:23,3
DA:24,3
DA:25,3
DA:28,2
DA:29,1
DA:33,1
DA:36,1
DA:38,1
DA:39,0
DA:41,1
LF:18
LH:17
BRDA:17,0,0,1
BRDA:25,1,0,1
BRDA:28,2,0,1
BRDA:28,3,0,2
BRDA:28,3,1,1
BRDA:38,4,0,1
BRDA:38,4,1,0
BRF:7
BRH:6
end_of_record
TN:
SF:app\api\users\auth\login\route.ts
FN:34,POST
FNF:1
FNH:1
FNDA:2,POST
DA:2,1
DA:5,1
DA:8,1
DA:9,1
DA:12,1
DA:13,1
DA:14,1
DA:17,1
DA:34,1
DA:35,2
DA:37,2
DA:38,2
DA:40,2
DA:41,0
DA:45,2
DA:48,2
DA:49,0
DA:53,2
DA:56,2
DA:58,2
DA:59,0
DA:63,2
DA:65,2
DA:66,1
DA:70,1
DA:71,1
DA:73,1
DA:82,1
DA:90,1
DA:92,0
DA:93,0
LF:31
LH:26
BRDA:40,0,0,0
BRDA:48,1,0,0
BRDA:48,2,0,2
BRDA:48,2,1,2
BRDA:48,3,0,0
BRDA:48,3,1,2
BRDA:48,4,0,2
BRDA:48,4,1,2
BRDA:48,5,0,0
BRDA:48,5,1,2
BRDA:48,6,0,2
BRDA:48,6,1,2
BRDA:58,7,0,0
BRDA:65,8,0,1
BRDA:70,9,0,1
BRDA:70,9,1,0
BRDA:92,10,0,0
BRDA:92,10,1,0
BRF:18
BRH:10
end_of_record
TN:
SF:app\api\users\auth\logout\route.ts
FN:11,POST
FNF:1
FNH:1
FNDA:3,POST
DA:2,1
DA:3,1
DA:6,1
DA:9,1
DA:11,1
DA:12,3
DA:14,3
DA:15,2
DA:17,2
DA:18,1
DA:22,1
DA:30,1
DA:32,1
DA:33,1
LF:14
LH:14
BRDA:17,0,0,1
BRF:1
BRH:1
end_of_record
TN:
SF:app\api\users\auth\me\route.ts
FN:20,GET
FNF:1
FNH:1
FNDA:5,GET
DA:2,1
DA:5,1
DA:8,1
DA:9,1
DA:12,1
DA:15,1
DA:20,1
DA:21,5
DA:23,5
DA:24,4
DA:26,4
DA:27,1
DA:31,3
DA:32,3
DA:34,3
DA:36,3
DA:39,2
DA:42,2
DA:44,2
DA:45,1
DA:49,1
DA:57,1
DA:59,1
DA:60,1
DA:63,1
DA:64,1
LF:26
LH:26
BRDA:26,0,0,1
BRDA:32,1,0,3
BRDA:32,1,1,3
BRDA:44,2,0,1
BRF:4
BRH:4
end_of_record
TN:
SF:app\api\users\auth\signup\route.ts
FN:30,POST
FNF:1
FNH:1
FNDA:5,POST
DA:2,2
DA:5,2
DA:8,2
DA:11,2
DA:30,2
DA:31,5
DA:33,5
DA:36,5
DA:37,1
DA:41,4
DA:44,4
DA:46,4
DA:47,1
DA:51,3
DA:52,3
DA:55,3
DA:63,3
DA:71,3
DA:73,0
DA:74,0
LF:20
LH:18
BRDA:36,0,0,1
BRDA:36,1,0,5
BRDA:36,1,1,4
BRDA:36,1,2,4
BRDA:36,1,3,4
BRDA:36,2,0,1
BRDA:36,2,1,4
BRDA:36,3,0,5
BRDA:36,3,1,5
BRDA:36,4,0,0
BRDA:36,4,1,4
BRDA:36,5,0,4
BRDA:36,5,1,4
BRDA:36,6,0,0
BRDA:36,6,1,4
BRDA:36,7,0,4
BRDA:36,7,1,4
BRDA:36,8,0,0
BRDA:36,8,1,4
BRDA:36,9,0,4
BRDA:36,9,1,4
BRDA:46,10,0,1
BRDA:47,11,0,1
BRDA:47,11,1,0
BRDA:73,12,0,0
BRDA:73,12,1,0
BRF:26
BRH:20
end_of_record
TN:
SF:models\Ad.ts
FNF:0
FNH:0
DA:1,1
DA:3,1
DA:23,1
DA:24,1
LF:4
LH:4
BRDA:23,0,0,1
BRDA:23,0,1,1
BRF:2
BRH:2
end_of_record
TN:
SF:models\Car.ts
FNF:0
FNH:0
DA:1,2
DA:3,2
DA:18,2
DA:20,2
LF:4
LH:4
BRDA:18,0,0,2
BRDA:18,0,1,2
BRF:2
BRH:2
end_of_record
TN:
SF:models\RentalRequest.ts
FNF:0
FNH:0
DA:1,1
DA:4,1
DA:20,1
DA:22,1
LF:4
LH:4
BRDA:20,0,0,1
BRDA:20,0,1,1
BRF:2
BRH:2
end_of_record
TN:
SF:models\User.ts
FNF:0
FNH:0
DA:1,4
DA:3,4
DA:18,4
DA:20,4
LF:4
LH:4
BRDA:18,0,0,4
BRDA:18,0,1,4
BRF:2
BRH:2
end_of_record
